{"/home/chuby9726/clawspace/github-attention-set/attention.js": {"path":"/home/chuby9726/clawspace/github-attention-set/attention.js","all":false,"statementMap":{"0":{"start":{"line":1,"column":0},"end":{"line":1,"column":76}},"2":{"start":{"line":3,"column":0},"end":{"line":3,"column":3}},"3":{"start":{"line":4,"column":0},"end":{"line":4,"column":55}},"4":{"start":{"line":5,"column":0},"end":{"line":5,"column":3}},"5":{"start":{"line":6,"column":0},"end":{"line":6,"column":39}},"6":{"start":{"line":7,"column":0},"end":{"line":7,"column":27}},"7":{"start":{"line":8,"column":0},"end":{"line":8,"column":43}},"8":{"start":{"line":9,"column":0},"end":{"line":9,"column":53}},"9":{"start":{"line":10,"column":0},"end":{"line":10,"column":62}},"11":{"start":{"line":12,"column":0},"end":{"line":12,"column":39}},"12":{"start":{"line":13,"column":0},"end":{"line":13,"column":70}},"13":{"start":{"line":14,"column":0},"end":{"line":14,"column":15}},"14":{"start":{"line":15,"column":0},"end":{"line":15,"column":1}},"16":{"start":{"line":17,"column":0},"end":{"line":17,"column":12}},"17":{"start":{"line":18,"column":0},"end":{"line":18,"column":15}},"18":{"start":{"line":19,"column":0},"end":{"line":19,"column":17}},"19":{"start":{"line":20,"column":0},"end":{"line":20,"column":25}},"20":{"start":{"line":21,"column":0},"end":{"line":21,"column":41}},"21":{"start":{"line":22,"column":0},"end":{"line":22,"column":25}},"22":{"start":{"line":23,"column":0},"end":{"line":23,"column":49}},"23":{"start":{"line":24,"column":0},"end":{"line":24,"column":21}},"24":{"start":{"line":25,"column":0},"end":{"line":25,"column":33}},"25":{"start":{"line":26,"column":0},"end":{"line":26,"column":19}},"26":{"start":{"line":27,"column":0},"end":{"line":27,"column":19}},"27":{"start":{"line":28,"column":0},"end":{"line":28,"column":2}},"29":{"start":{"line":30,"column":0},"end":{"line":30,"column":31}},"30":{"start":{"line":31,"column":0},"end":{"line":31,"column":23}},"31":{"start":{"line":32,"column":0},"end":{"line":32,"column":24}},"32":{"start":{"line":33,"column":0},"end":{"line":33,"column":24}},"33":{"start":{"line":34,"column":0},"end":{"line":34,"column":25}},"34":{"start":{"line":35,"column":0},"end":{"line":35,"column":3}},"35":{"start":{"line":36,"column":0},"end":{"line":36,"column":84}},"37":{"start":{"line":38,"column":0},"end":{"line":38,"column":36}},"38":{"start":{"line":39,"column":0},"end":{"line":39,"column":11}},"39":{"start":{"line":40,"column":0},"end":{"line":40,"column":5}},"40":{"start":{"line":41,"column":0},"end":{"line":41,"column":9}},"41":{"start":{"line":42,"column":0},"end":{"line":42,"column":14}},"42":{"start":{"line":43,"column":0},"end":{"line":43,"column":19}},"43":{"start":{"line":44,"column":0},"end":{"line":44,"column":61}},"44":{"start":{"line":45,"column":0},"end":{"line":45,"column":3}},"45":{"start":{"line":46,"column":0},"end":{"line":46,"column":45}},"46":{"start":{"line":47,"column":0},"end":{"line":47,"column":48}},"48":{"start":{"line":49,"column":0},"end":{"line":49,"column":39}},"49":{"start":{"line":50,"column":0},"end":{"line":50,"column":63}},"50":{"start":{"line":51,"column":0},"end":{"line":51,"column":30}},"51":{"start":{"line":52,"column":0},"end":{"line":52,"column":57}},"52":{"start":{"line":53,"column":0},"end":{"line":53,"column":76}},"53":{"start":{"line":54,"column":0},"end":{"line":54,"column":82}},"54":{"start":{"line":55,"column":0},"end":{"line":55,"column":102}},"55":{"start":{"line":56,"column":0},"end":{"line":56,"column":75}},"56":{"start":{"line":57,"column":0},"end":{"line":57,"column":67}},"57":{"start":{"line":58,"column":0},"end":{"line":58,"column":74}},"59":{"start":{"line":60,"column":0},"end":{"line":60,"column":49}},"60":{"start":{"line":61,"column":0},"end":{"line":61,"column":59}},"61":{"start":{"line":62,"column":0},"end":{"line":62,"column":29}},"63":{"start":{"line":64,"column":0},"end":{"line":64,"column":33}},"64":{"start":{"line":65,"column":0},"end":{"line":65,"column":45}},"65":{"start":{"line":66,"column":0},"end":{"line":66,"column":79}},"66":{"start":{"line":67,"column":0},"end":{"line":67,"column":64}},"67":{"start":{"line":68,"column":0},"end":{"line":68,"column":47}},"69":{"start":{"line":70,"column":0},"end":{"line":70,"column":34}},"70":{"start":{"line":71,"column":0},"end":{"line":71,"column":57}},"71":{"start":{"line":72,"column":0},"end":{"line":72,"column":26}},"72":{"start":{"line":73,"column":0},"end":{"line":73,"column":5}},"74":{"start":{"line":75,"column":0},"end":{"line":75,"column":30}},"75":{"start":{"line":76,"column":0},"end":{"line":76,"column":56}},"76":{"start":{"line":77,"column":0},"end":{"line":77,"column":58}},"78":{"start":{"line":79,"column":0},"end":{"line":79,"column":19}},"79":{"start":{"line":80,"column":0},"end":{"line":80,"column":30}},"80":{"start":{"line":81,"column":0},"end":{"line":81,"column":30}},"81":{"start":{"line":82,"column":0},"end":{"line":82,"column":14}},"83":{"start":{"line":84,"column":0},"end":{"line":84,"column":30}},"84":{"start":{"line":85,"column":0},"end":{"line":85,"column":34}},"85":{"start":{"line":86,"column":0},"end":{"line":86,"column":14}},"87":{"start":{"line":88,"column":0},"end":{"line":88,"column":32}},"88":{"start":{"line":89,"column":0},"end":{"line":89,"column":42}},"89":{"start":{"line":90,"column":0},"end":{"line":90,"column":57}},"90":{"start":{"line":91,"column":0},"end":{"line":91,"column":23}},"91":{"start":{"line":92,"column":0},"end":{"line":92,"column":43}},"92":{"start":{"line":93,"column":0},"end":{"line":93,"column":37}},"93":{"start":{"line":94,"column":0},"end":{"line":94,"column":78}},"94":{"start":{"line":95,"column":0},"end":{"line":95,"column":54}},"95":{"start":{"line":96,"column":0},"end":{"line":96,"column":9}},"96":{"start":{"line":97,"column":0},"end":{"line":97,"column":67}},"97":{"start":{"line":98,"column":0},"end":{"line":98,"column":79}},"98":{"start":{"line":99,"column":0},"end":{"line":99,"column":33}},"99":{"start":{"line":100,"column":0},"end":{"line":100,"column":86}},"100":{"start":{"line":101,"column":0},"end":{"line":101,"column":28}},"101":{"start":{"line":102,"column":0},"end":{"line":102,"column":34}},"102":{"start":{"line":103,"column":0},"end":{"line":103,"column":11}},"103":{"start":{"line":104,"column":0},"end":{"line":104,"column":9}},"104":{"start":{"line":105,"column":0},"end":{"line":105,"column":64}},"105":{"start":{"line":106,"column":0},"end":{"line":106,"column":31}},"106":{"start":{"line":107,"column":0},"end":{"line":107,"column":36}},"107":{"start":{"line":108,"column":0},"end":{"line":108,"column":9}},"108":{"start":{"line":109,"column":0},"end":{"line":109,"column":14}},"109":{"start":{"line":110,"column":0},"end":{"line":110,"column":7}},"111":{"start":{"line":112,"column":0},"end":{"line":112,"column":38}},"112":{"start":{"line":113,"column":0},"end":{"line":113,"column":56}},"113":{"start":{"line":114,"column":0},"end":{"line":114,"column":56}},"114":{"start":{"line":115,"column":0},"end":{"line":115,"column":23}},"115":{"start":{"line":116,"column":0},"end":{"line":116,"column":47}},"116":{"start":{"line":117,"column":0},"end":{"line":117,"column":33}},"117":{"start":{"line":118,"column":0},"end":{"line":118,"column":9}},"118":{"start":{"line":119,"column":0},"end":{"line":119,"column":14}},"119":{"start":{"line":120,"column":0},"end":{"line":120,"column":7}},"121":{"start":{"line":122,"column":0},"end":{"line":122,"column":24}},"122":{"start":{"line":123,"column":0},"end":{"line":123,"column":69}},"123":{"start":{"line":124,"column":0},"end":{"line":124,"column":104}},"124":{"start":{"line":125,"column":0},"end":{"line":125,"column":40}},"125":{"start":{"line":126,"column":0},"end":{"line":126,"column":40}},"126":{"start":{"line":127,"column":0},"end":{"line":127,"column":41}},"127":{"start":{"line":128,"column":0},"end":{"line":128,"column":32}},"128":{"start":{"line":129,"column":0},"end":{"line":129,"column":40}},"129":{"start":{"line":130,"column":0},"end":{"line":130,"column":75}},"130":{"start":{"line":131,"column":0},"end":{"line":131,"column":98}},"131":{"start":{"line":132,"column":0},"end":{"line":132,"column":84}},"132":{"start":{"line":133,"column":0},"end":{"line":133,"column":46}},"134":{"start":{"line":135,"column":0},"end":{"line":135,"column":50}},"135":{"start":{"line":136,"column":0},"end":{"line":136,"column":44}},"136":{"start":{"line":137,"column":0},"end":{"line":137,"column":49}},"137":{"start":{"line":138,"column":0},"end":{"line":138,"column":27}},"138":{"start":{"line":139,"column":0},"end":{"line":139,"column":35}},"139":{"start":{"line":140,"column":0},"end":{"line":140,"column":38}},"140":{"start":{"line":141,"column":0},"end":{"line":141,"column":38}},"141":{"start":{"line":142,"column":0},"end":{"line":142,"column":11}},"142":{"start":{"line":143,"column":0},"end":{"line":143,"column":91}},"143":{"start":{"line":144,"column":0},"end":{"line":144,"column":58}},"144":{"start":{"line":145,"column":0},"end":{"line":145,"column":37}},"145":{"start":{"line":146,"column":0},"end":{"line":146,"column":52}},"146":{"start":{"line":147,"column":0},"end":{"line":147,"column":38}},"147":{"start":{"line":148,"column":0},"end":{"line":148,"column":11}},"148":{"start":{"line":149,"column":0},"end":{"line":149,"column":48}},"149":{"start":{"line":150,"column":0},"end":{"line":150,"column":32}},"150":{"start":{"line":151,"column":0},"end":{"line":151,"column":77}},"151":{"start":{"line":152,"column":0},"end":{"line":152,"column":60}},"152":{"start":{"line":153,"column":0},"end":{"line":153,"column":44}},"153":{"start":{"line":154,"column":0},"end":{"line":154,"column":20}},"154":{"start":{"line":155,"column":0},"end":{"line":155,"column":38}},"155":{"start":{"line":156,"column":0},"end":{"line":156,"column":13}},"156":{"start":{"line":157,"column":0},"end":{"line":157,"column":18}},"157":{"start":{"line":158,"column":0},"end":{"line":158,"column":50}},"158":{"start":{"line":159,"column":0},"end":{"line":159,"column":11}},"159":{"start":{"line":160,"column":0},"end":{"line":160,"column":9}},"160":{"start":{"line":161,"column":0},"end":{"line":161,"column":14}},"161":{"start":{"line":162,"column":0},"end":{"line":162,"column":7}},"163":{"start":{"line":164,"column":0},"end":{"line":164,"column":23}},"164":{"start":{"line":165,"column":0},"end":{"line":165,"column":37}},"165":{"start":{"line":166,"column":0},"end":{"line":166,"column":61}},"166":{"start":{"line":167,"column":0},"end":{"line":167,"column":60}},"167":{"start":{"line":168,"column":0},"end":{"line":168,"column":92}},"168":{"start":{"line":169,"column":0},"end":{"line":169,"column":14}},"169":{"start":{"line":170,"column":0},"end":{"line":170,"column":7}},"171":{"start":{"line":172,"column":0},"end":{"line":172,"column":20}},"172":{"start":{"line":173,"column":0},"end":{"line":173,"column":31}},"173":{"start":{"line":174,"column":0},"end":{"line":174,"column":14}},"175":{"start":{"line":176,"column":0},"end":{"line":176,"column":20}},"176":{"start":{"line":177,"column":0},"end":{"line":177,"column":31}},"177":{"start":{"line":178,"column":0},"end":{"line":178,"column":14}},"179":{"start":{"line":180,"column":0},"end":{"line":180,"column":25}},"180":{"start":{"line":181,"column":0},"end":{"line":181,"column":57}},"181":{"start":{"line":182,"column":0},"end":{"line":182,"column":37}},"182":{"start":{"line":183,"column":0},"end":{"line":183,"column":61}},"183":{"start":{"line":184,"column":0},"end":{"line":184,"column":9}},"184":{"start":{"line":185,"column":0},"end":{"line":185,"column":14}},"185":{"start":{"line":186,"column":0},"end":{"line":186,"column":7}},"186":{"start":{"line":187,"column":0},"end":{"line":187,"column":24}},"187":{"start":{"line":188,"column":0},"end":{"line":188,"column":47}},"188":{"start":{"line":189,"column":0},"end":{"line":189,"column":82}},"189":{"start":{"line":190,"column":0},"end":{"line":190,"column":33}},"190":{"start":{"line":191,"column":0},"end":{"line":191,"column":9}},"191":{"start":{"line":192,"column":0},"end":{"line":192,"column":14}},"192":{"start":{"line":193,"column":0},"end":{"line":193,"column":7}},"194":{"start":{"line":195,"column":0},"end":{"line":195,"column":26}},"195":{"start":{"line":196,"column":0},"end":{"line":196,"column":49}},"196":{"start":{"line":197,"column":0},"end":{"line":197,"column":52}},"197":{"start":{"line":198,"column":0},"end":{"line":198,"column":14}},"198":{"start":{"line":199,"column":0},"end":{"line":199,"column":7}},"199":{"start":{"line":200,"column":0},"end":{"line":200,"column":5}},"201":{"start":{"line":202,"column":0},"end":{"line":202,"column":32}},"202":{"start":{"line":203,"column":0},"end":{"line":203,"column":48}},"203":{"start":{"line":204,"column":0},"end":{"line":204,"column":67}},"204":{"start":{"line":205,"column":0},"end":{"line":205,"column":33}},"205":{"start":{"line":206,"column":0},"end":{"line":206,"column":32}},"206":{"start":{"line":207,"column":0},"end":{"line":207,"column":45}},"207":{"start":{"line":208,"column":0},"end":{"line":208,"column":60}},"208":{"start":{"line":209,"column":0},"end":{"line":209,"column":9}},"209":{"start":{"line":210,"column":0},"end":{"line":210,"column":7}},"210":{"start":{"line":211,"column":0},"end":{"line":211,"column":5}},"211":{"start":{"line":212,"column":0},"end":{"line":212,"column":3}},"213":{"start":{"line":214,"column":0},"end":{"line":214,"column":65}},"214":{"start":{"line":215,"column":0},"end":{"line":215,"column":67}},"215":{"start":{"line":216,"column":0},"end":{"line":216,"column":55}},"216":{"start":{"line":217,"column":0},"end":{"line":217,"column":52}},"217":{"start":{"line":218,"column":0},"end":{"line":218,"column":36}},"218":{"start":{"line":219,"column":0},"end":{"line":219,"column":12}},"219":{"start":{"line":220,"column":0},"end":{"line":220,"column":30}},"220":{"start":{"line":221,"column":0},"end":{"line":221,"column":5}},"221":{"start":{"line":222,"column":0},"end":{"line":222,"column":98}},"222":{"start":{"line":223,"column":0},"end":{"line":223,"column":42}},"223":{"start":{"line":224,"column":0},"end":{"line":224,"column":3}},"225":{"start":{"line":226,"column":0},"end":{"line":226,"column":55}},"226":{"start":{"line":227,"column":0},"end":{"line":227,"column":17}},"228":{"start":{"line":229,"column":0},"end":{"line":229,"column":20}},"229":{"start":{"line":230,"column":0},"end":{"line":230,"column":21}},"230":{"start":{"line":231,"column":0},"end":{"line":231,"column":23}},"231":{"start":{"line":232,"column":0},"end":{"line":232,"column":22}},"232":{"start":{"line":233,"column":0},"end":{"line":233,"column":22}},"233":{"start":{"line":234,"column":0},"end":{"line":234,"column":32}},"234":{"start":{"line":235,"column":0},"end":{"line":235,"column":12}},"236":{"start":{"line":237,"column":0},"end":{"line":237,"column":25}},"237":{"start":{"line":238,"column":0},"end":{"line":238,"column":50}},"238":{"start":{"line":239,"column":0},"end":{"line":239,"column":31}},"239":{"start":{"line":240,"column":0},"end":{"line":240,"column":32}},"240":{"start":{"line":241,"column":0},"end":{"line":241,"column":9}},"241":{"start":{"line":242,"column":0},"end":{"line":242,"column":7}},"242":{"start":{"line":243,"column":0},"end":{"line":243,"column":12}},"244":{"start":{"line":245,"column":0},"end":{"line":245,"column":33}},"245":{"start":{"line":246,"column":0},"end":{"line":246,"column":26}},"246":{"start":{"line":247,"column":0},"end":{"line":247,"column":12}},"248":{"start":{"line":249,"column":0},"end":{"line":249,"column":27}},"249":{"start":{"line":250,"column":0},"end":{"line":250,"column":40}},"250":{"start":{"line":251,"column":0},"end":{"line":251,"column":34}},"251":{"start":{"line":252,"column":0},"end":{"line":252,"column":28}},"252":{"start":{"line":253,"column":0},"end":{"line":253,"column":14}},"253":{"start":{"line":254,"column":0},"end":{"line":254,"column":31}},"254":{"start":{"line":255,"column":0},"end":{"line":255,"column":7}},"255":{"start":{"line":256,"column":0},"end":{"line":256,"column":12}},"256":{"start":{"line":257,"column":0},"end":{"line":257,"column":5}},"258":{"start":{"line":259,"column":0},"end":{"line":259,"column":37}},"259":{"start":{"line":260,"column":0},"end":{"line":260,"column":26}},"260":{"start":{"line":261,"column":0},"end":{"line":261,"column":12}},"262":{"start":{"line":263,"column":0},"end":{"line":263,"column":29}},"263":{"start":{"line":264,"column":0},"end":{"line":264,"column":26}},"264":{"start":{"line":265,"column":0},"end":{"line":265,"column":12}},"265":{"start":{"line":266,"column":0},"end":{"line":266,"column":3}},"267":{"start":{"line":268,"column":0},"end":{"line":268,"column":56}},"268":{"start":{"line":269,"column":0},"end":{"line":269,"column":14}},"269":{"start":{"line":270,"column":0},"end":{"line":270,"column":41}},"270":{"start":{"line":271,"column":0},"end":{"line":271,"column":21}},"271":{"start":{"line":272,"column":0},"end":{"line":272,"column":30}},"272":{"start":{"line":273,"column":0},"end":{"line":273,"column":5}},"273":{"start":{"line":274,"column":0},"end":{"line":274,"column":3}},"275":{"start":{"line":276,"column":0},"end":{"line":276,"column":26}},"276":{"start":{"line":277,"column":0},"end":{"line":277,"column":32}},"277":{"start":{"line":278,"column":0},"end":{"line":278,"column":21}},"278":{"start":{"line":279,"column":0},"end":{"line":279,"column":24}},"279":{"start":{"line":280,"column":0},"end":{"line":280,"column":5}},"280":{"start":{"line":281,"column":0},"end":{"line":281,"column":3}},"282":{"start":{"line":283,"column":0},"end":{"line":283,"column":79}},"284":{"start":{"line":285,"column":0},"end":{"line":285,"column":78}},"285":{"start":{"line":286,"column":0},"end":{"line":286,"column":40}},"286":{"start":{"line":287,"column":0},"end":{"line":287,"column":49}},"287":{"start":{"line":288,"column":0},"end":{"line":288,"column":23}},"288":{"start":{"line":289,"column":0},"end":{"line":289,"column":5}},"289":{"start":{"line":290,"column":0},"end":{"line":290,"column":3}},"291":{"start":{"line":292,"column":0},"end":{"line":292,"column":76}},"292":{"start":{"line":293,"column":0},"end":{"line":293,"column":75}},"293":{"start":{"line":294,"column":0},"end":{"line":294,"column":37}},"294":{"start":{"line":295,"column":0},"end":{"line":295,"column":48}},"295":{"start":{"line":296,"column":0},"end":{"line":296,"column":27}},"296":{"start":{"line":297,"column":0},"end":{"line":297,"column":30}},"297":{"start":{"line":298,"column":0},"end":{"line":298,"column":7}},"298":{"start":{"line":299,"column":0},"end":{"line":299,"column":5}},"299":{"start":{"line":300,"column":0},"end":{"line":300,"column":72}},"300":{"start":{"line":301,"column":0},"end":{"line":301,"column":74}},"301":{"start":{"line":302,"column":0},"end":{"line":302,"column":22}},"302":{"start":{"line":303,"column":0},"end":{"line":303,"column":5}},"303":{"start":{"line":304,"column":0},"end":{"line":304,"column":3}},"305":{"start":{"line":306,"column":0},"end":{"line":306,"column":37}},"306":{"start":{"line":307,"column":0},"end":{"line":307,"column":25}},"307":{"start":{"line":308,"column":0},"end":{"line":308,"column":16}},"308":{"start":{"line":309,"column":0},"end":{"line":309,"column":23}},"309":{"start":{"line":310,"column":0},"end":{"line":310,"column":3}},"311":{"start":{"line":312,"column":0},"end":{"line":312,"column":64}},"312":{"start":{"line":313,"column":0},"end":{"line":313,"column":25}},"313":{"start":{"line":314,"column":0},"end":{"line":314,"column":29}},"314":{"start":{"line":315,"column":0},"end":{"line":315,"column":93}},"315":{"start":{"line":316,"column":0},"end":{"line":316,"column":37}},"316":{"start":{"line":317,"column":0},"end":{"line":317,"column":34}},"317":{"start":{"line":318,"column":0},"end":{"line":318,"column":29}},"318":{"start":{"line":319,"column":0},"end":{"line":319,"column":32}},"319":{"start":{"line":320,"column":0},"end":{"line":320,"column":38}},"320":{"start":{"line":321,"column":0},"end":{"line":321,"column":76}},"321":{"start":{"line":322,"column":0},"end":{"line":322,"column":36}},"322":{"start":{"line":323,"column":0},"end":{"line":323,"column":71}},"323":{"start":{"line":324,"column":0},"end":{"line":324,"column":7}},"324":{"start":{"line":325,"column":0},"end":{"line":325,"column":82}},"325":{"start":{"line":326,"column":0},"end":{"line":326,"column":85}},"326":{"start":{"line":327,"column":0},"end":{"line":327,"column":7}},"327":{"start":{"line":328,"column":0},"end":{"line":328,"column":5}},"328":{"start":{"line":329,"column":0},"end":{"line":329,"column":75}},"329":{"start":{"line":330,"column":0},"end":{"line":330,"column":29}},"330":{"start":{"line":331,"column":0},"end":{"line":331,"column":5}},"331":{"start":{"line":332,"column":0},"end":{"line":332,"column":3}},"333":{"start":{"line":334,"column":0},"end":{"line":334,"column":35}},"334":{"start":{"line":335,"column":0},"end":{"line":335,"column":23}},"335":{"start":{"line":336,"column":0},"end":{"line":336,"column":22}},"336":{"start":{"line":337,"column":0},"end":{"line":337,"column":24}},"337":{"start":{"line":338,"column":0},"end":{"line":338,"column":10}},"338":{"start":{"line":339,"column":0},"end":{"line":339,"column":65}},"339":{"start":{"line":340,"column":0},"end":{"line":340,"column":87}},"340":{"start":{"line":341,"column":0},"end":{"line":341,"column":24}},"341":{"start":{"line":342,"column":0},"end":{"line":342,"column":34}},"342":{"start":{"line":343,"column":0},"end":{"line":343,"column":40}},"343":{"start":{"line":344,"column":0},"end":{"line":344,"column":78}},"344":{"start":{"line":345,"column":0},"end":{"line":345,"column":30}},"345":{"start":{"line":346,"column":0},"end":{"line":346,"column":16}},"346":{"start":{"line":347,"column":0},"end":{"line":347,"column":9}},"347":{"start":{"line":348,"column":0},"end":{"line":348,"column":7}},"348":{"start":{"line":349,"column":0},"end":{"line":349,"column":5}},"349":{"start":{"line":350,"column":0},"end":{"line":350,"column":23}},"350":{"start":{"line":351,"column":0},"end":{"line":351,"column":26}},"351":{"start":{"line":352,"column":0},"end":{"line":352,"column":35}},"352":{"start":{"line":353,"column":0},"end":{"line":353,"column":27}},"353":{"start":{"line":354,"column":0},"end":{"line":354,"column":5}},"354":{"start":{"line":355,"column":0},"end":{"line":355,"column":3}},"356":{"start":{"line":357,"column":0},"end":{"line":357,"column":60}},"357":{"start":{"line":358,"column":0},"end":{"line":358,"column":28}},"358":{"start":{"line":359,"column":0},"end":{"line":359,"column":30}},"359":{"start":{"line":360,"column":0},"end":{"line":360,"column":29}},"360":{"start":{"line":361,"column":0},"end":{"line":361,"column":34}},"361":{"start":{"line":362,"column":0},"end":{"line":362,"column":35}},"362":{"start":{"line":363,"column":0},"end":{"line":363,"column":31}},"364":{"start":{"line":365,"column":0},"end":{"line":365,"column":32}},"365":{"start":{"line":366,"column":0},"end":{"line":366,"column":38}},"366":{"start":{"line":367,"column":0},"end":{"line":367,"column":75}},"367":{"start":{"line":368,"column":0},"end":{"line":368,"column":76}},"368":{"start":{"line":369,"column":0},"end":{"line":369,"column":58}},"369":{"start":{"line":370,"column":0},"end":{"line":370,"column":32}},"370":{"start":{"line":371,"column":0},"end":{"line":371,"column":9}},"371":{"start":{"line":372,"column":0},"end":{"line":372,"column":35}},"372":{"start":{"line":373,"column":0},"end":{"line":373,"column":7}},"373":{"start":{"line":374,"column":0},"end":{"line":374,"column":82}},"374":{"start":{"line":375,"column":0},"end":{"line":375,"column":30}},"375":{"start":{"line":376,"column":0},"end":{"line":376,"column":34}},"376":{"start":{"line":377,"column":0},"end":{"line":377,"column":7}},"377":{"start":{"line":378,"column":0},"end":{"line":378,"column":5}},"379":{"start":{"line":380,"column":0},"end":{"line":380,"column":69}},"380":{"start":{"line":381,"column":0},"end":{"line":381,"column":34}},"381":{"start":{"line":382,"column":0},"end":{"line":382,"column":36}},"382":{"start":{"line":383,"column":0},"end":{"line":383,"column":71}},"383":{"start":{"line":384,"column":0},"end":{"line":384,"column":44}},"384":{"start":{"line":385,"column":0},"end":{"line":385,"column":34}},"385":{"start":{"line":386,"column":0},"end":{"line":386,"column":40}},"386":{"start":{"line":387,"column":0},"end":{"line":387,"column":77}},"387":{"start":{"line":388,"column":0},"end":{"line":388,"column":62}},"388":{"start":{"line":389,"column":0},"end":{"line":389,"column":56}},"389":{"start":{"line":390,"column":0},"end":{"line":390,"column":120}},"390":{"start":{"line":391,"column":0},"end":{"line":391,"column":45}},"391":{"start":{"line":392,"column":0},"end":{"line":392,"column":18}},"392":{"start":{"line":393,"column":0},"end":{"line":393,"column":11}},"393":{"start":{"line":394,"column":0},"end":{"line":394,"column":9}},"394":{"start":{"line":395,"column":0},"end":{"line":395,"column":7}},"395":{"start":{"line":396,"column":0},"end":{"line":396,"column":38}},"396":{"start":{"line":397,"column":0},"end":{"line":397,"column":35}},"397":{"start":{"line":398,"column":0},"end":{"line":398,"column":14}},"398":{"start":{"line":399,"column":0},"end":{"line":399,"column":75}},"399":{"start":{"line":400,"column":0},"end":{"line":400,"column":30}},"400":{"start":{"line":401,"column":0},"end":{"line":401,"column":7}},"401":{"start":{"line":402,"column":0},"end":{"line":402,"column":12}},"402":{"start":{"line":403,"column":0},"end":{"line":403,"column":29}},"403":{"start":{"line":404,"column":0},"end":{"line":404,"column":5}},"404":{"start":{"line":405,"column":0},"end":{"line":405,"column":3}},"406":{"start":{"line":407,"column":0},"end":{"line":407,"column":119}},"407":{"start":{"line":408,"column":0},"end":{"line":408,"column":1}}},"s":{"0":1,"2":1,"3":1,"4":1,"5":1,"6":282,"7":282,"8":282,"9":282,"11":282,"12":282,"13":263,"14":263,"16":1,"17":1,"18":1,"19":1,"20":1,"21":1,"22":1,"23":1,"24":1,"25":1,"26":1,"27":1,"29":1,"30":1,"31":1,"32":1,"33":1,"34":1,"35":1,"37":1,"38":71,"39":71,"40":71,"41":71,"42":71,"43":71,"44":71,"45":71,"46":71,"48":71,"49":71,"50":71,"51":71,"52":71,"53":71,"54":71,"55":71,"56":71,"57":71,"59":71,"60":71,"61":71,"63":71,"64":113,"65":113,"66":113,"67":113,"69":113,"70":113,"71":107,"72":107,"74":113,"75":113,"76":113,"78":113,"79":113,"80":2,"81":2,"83":113,"84":1,"85":1,"87":113,"88":45,"89":45,"90":45,"91":37,"92":37,"93":37,"94":37,"95":37,"96":45,"97":45,"98":45,"99":8,"100":8,"101":7,"102":7,"103":8,"104":45,"105":45,"106":45,"107":45,"108":45,"109":45,"111":113,"112":2,"113":2,"114":2,"115":2,"116":1,"117":1,"118":2,"119":2,"121":113,"122":33,"123":33,"124":31,"125":31,"126":31,"127":31,"128":31,"129":33,"130":21,"131":15,"132":15,"134":33,"135":6,"136":33,"137":15,"138":15,"139":15,"140":11,"141":11,"142":15,"143":15,"144":15,"145":4,"146":4,"147":4,"148":25,"149":10,"150":5,"151":5,"152":1,"153":5,"154":4,"155":4,"156":5,"157":5,"158":5,"159":10,"160":31,"161":31,"163":113,"164":113,"165":9,"166":9,"167":9,"168":9,"169":9,"171":113,"172":1,"173":1,"175":113,"176":1,"177":1,"179":113,"180":0,"181":0,"182":0,"183":0,"184":0,"185":0,"186":113,"187":1,"188":1,"189":1,"190":1,"191":1,"192":1,"194":113,"195":0,"196":0,"197":0,"198":0,"199":113,"201":113,"202":113,"203":4,"204":4,"205":4,"206":4,"207":4,"208":4,"209":4,"210":4,"211":113,"213":71,"214":71,"215":1,"216":1,"217":0,"218":1,"219":1,"220":1,"221":71,"222":1,"223":1,"225":71,"226":71,"228":71,"229":71,"230":71,"231":71,"232":71,"233":7,"234":7,"236":71,"237":47,"238":22,"239":22,"240":22,"241":22,"242":47,"244":71,"245":2,"246":2,"248":71,"249":9,"250":9,"251":5,"252":9,"253":4,"254":4,"255":9,"256":9,"258":71,"259":5,"260":5,"262":71,"263":1,"264":1,"265":71,"267":71,"268":71,"269":71,"270":4,"271":4,"272":4,"273":4,"275":71,"276":71,"277":1,"278":1,"279":1,"280":1,"282":71,"284":71,"285":71,"286":44,"287":0,"288":0,"289":44,"291":71,"292":71,"293":71,"294":64,"295":23,"296":1,"297":1,"298":23,"299":64,"300":64,"301":4,"302":4,"303":64,"305":71,"306":71,"307":71,"308":36,"309":36,"311":71,"312":71,"313":71,"314":36,"315":36,"316":36,"317":36,"318":36,"319":55,"320":55,"321":19,"322":19,"323":19,"324":55,"325":3,"326":3,"327":55,"328":36,"329":16,"330":16,"331":36,"333":71,"334":71,"335":71,"336":25,"337":71,"338":46,"339":46,"340":46,"341":22,"342":13,"343":13,"344":0,"345":0,"346":0,"347":13,"348":22,"349":46,"350":24,"351":46,"352":2,"353":2,"354":46,"356":71,"357":71,"358":71,"359":24,"360":24,"361":24,"362":24,"364":24,"365":40,"366":40,"367":40,"368":23,"369":3,"370":3,"371":23,"372":23,"373":40,"374":5,"375":5,"376":5,"377":40,"379":24,"380":3,"381":24,"382":2,"383":2,"384":2,"385":5,"386":5,"387":5,"388":5,"389":0,"390":0,"391":0,"392":0,"393":0,"394":5,"395":2,"396":0,"397":2,"398":2,"399":2,"400":2,"401":21,"402":19,"403":19,"404":24,"406":71,"407":71},"branchMap":{"0":{"type":"branch","line":6,"loc":{"start":{"line":6,"column":7},"end":{"line":15,"column":1}},"locations":[{"start":{"line":6,"column":7},"end":{"line":15,"column":1}}]},"1":{"type":"branch","line":7,"loc":{"start":{"line":7,"column":14},"end":{"line":7,"column":27}},"locations":[{"start":{"line":7,"column":14},"end":{"line":7,"column":27}}]},"2":{"type":"branch","line":8,"loc":{"start":{"line":8,"column":31},"end":{"line":8,"column":43}},"locations":[{"start":{"line":8,"column":31},"end":{"line":8,"column":43}}]},"3":{"type":"branch","line":8,"loc":{"start":{"line":8,"column":42},"end":{"line":9,"column":14}},"locations":[{"start":{"line":8,"column":42},"end":{"line":9,"column":14}}]},"4":{"type":"branch","line":9,"loc":{"start":{"line":9,"column":14},"end":{"line":9,"column":39}},"locations":[{"start":{"line":9,"column":14},"end":{"line":9,"column":39}}]},"5":{"type":"branch","line":9,"loc":{"start":{"line":9,"column":41},"end":{"line":9,"column":53}},"locations":[{"start":{"line":9,"column":41},"end":{"line":9,"column":53}}]},"6":{"type":"branch","line":9,"loc":{"start":{"line":9,"column":52},"end":{"line":10,"column":14}},"locations":[{"start":{"line":9,"column":52},"end":{"line":10,"column":14}}]},"7":{"type":"branch","line":10,"loc":{"start":{"line":10,"column":14},"end":{"line":10,"column":48}},"locations":[{"start":{"line":10,"column":14},"end":{"line":10,"column":48}}]},"8":{"type":"branch","line":10,"loc":{"start":{"line":10,"column":50},"end":{"line":10,"column":62}},"locations":[{"start":{"line":10,"column":50},"end":{"line":10,"column":62}}]},"9":{"type":"branch","line":10,"loc":{"start":{"line":10,"column":61},"end":{"line":12,"column":27}},"locations":[{"start":{"line":10,"column":61},"end":{"line":12,"column":27}}]},"10":{"type":"branch","line":12,"loc":{"start":{"line":12,"column":27},"end":{"line":12,"column":39}},"locations":[{"start":{"line":12,"column":27},"end":{"line":12,"column":39}}]},"11":{"type":"branch","line":12,"loc":{"start":{"line":12,"column":38},"end":{"line":13,"column":14}},"locations":[{"start":{"line":12,"column":38},"end":{"line":13,"column":14}}]},"12":{"type":"branch","line":13,"loc":{"start":{"line":13,"column":14},"end":{"line":13,"column":29}},"locations":[{"start":{"line":13,"column":14},"end":{"line":13,"column":29}}]},"13":{"type":"branch","line":13,"loc":{"start":{"line":13,"column":30},"end":{"line":13,"column":56}},"locations":[{"start":{"line":13,"column":30},"end":{"line":13,"column":56}}]},"14":{"type":"branch","line":13,"loc":{"start":{"line":13,"column":58},"end":{"line":13,"column":70}},"locations":[{"start":{"line":13,"column":58},"end":{"line":13,"column":70}}]},"15":{"type":"branch","line":13,"loc":{"start":{"line":13,"column":69},"end":{"line":15,"column":1}},"locations":[{"start":{"line":13,"column":69},"end":{"line":15,"column":1}}]},"16":{"type":"branch","line":38,"loc":{"start":{"line":38,"column":7},"end":{"line":408,"column":1}},"locations":[{"start":{"line":38,"column":7},"end":{"line":408,"column":1}}]},"17":{"type":"branch","line":64,"loc":{"start":{"line":64,"column":32},"end":{"line":212,"column":3}},"locations":[{"start":{"line":64,"column":32},"end":{"line":212,"column":3}}]},"18":{"type":"branch","line":65,"loc":{"start":{"line":65,"column":29},"end":{"line":65,"column":44}},"locations":[{"start":{"line":65,"column":29},"end":{"line":65,"column":44}}]},"19":{"type":"branch","line":66,"loc":{"start":{"line":66,"column":41},"end":{"line":66,"column":62}},"locations":[{"start":{"line":66,"column":41},"end":{"line":66,"column":62}}]},"20":{"type":"branch","line":66,"loc":{"start":{"line":66,"column":63},"end":{"line":66,"column":67}},"locations":[{"start":{"line":66,"column":63},"end":{"line":66,"column":67}}]},"21":{"type":"branch","line":67,"loc":{"start":{"line":67,"column":37},"end":{"line":67,"column":57}},"locations":[{"start":{"line":67,"column":37},"end":{"line":67,"column":57}}]},"22":{"type":"branch","line":67,"loc":{"start":{"line":67,"column":58},"end":{"line":67,"column":63}},"locations":[{"start":{"line":67,"column":58},"end":{"line":67,"column":63}}]},"23":{"type":"branch","line":68,"loc":{"start":{"line":68,"column":33},"end":{"line":68,"column":46}},"locations":[{"start":{"line":68,"column":33},"end":{"line":68,"column":46}}]},"24":{"type":"branch","line":71,"loc":{"start":{"line":71,"column":32},"end":{"line":71,"column":54}},"locations":[{"start":{"line":71,"column":32},"end":{"line":71,"column":54}}]},"25":{"type":"branch","line":71,"loc":{"start":{"line":71,"column":56},"end":{"line":73,"column":5}},"locations":[{"start":{"line":71,"column":56},"end":{"line":73,"column":5}}]},"26":{"type":"branch","line":76,"loc":{"start":{"line":76,"column":33},"end":{"line":76,"column":56}},"locations":[{"start":{"line":76,"column":33},"end":{"line":76,"column":56}}]},"27":{"type":"branch","line":77,"loc":{"start":{"line":77,"column":34},"end":{"line":77,"column":58}},"locations":[{"start":{"line":77,"column":34},"end":{"line":77,"column":58}}]},"28":{"type":"branch","line":80,"loc":{"start":{"line":80,"column":6},"end":{"line":82,"column":14}},"locations":[{"start":{"line":80,"column":6},"end":{"line":82,"column":14}}]},"29":{"type":"branch","line":84,"loc":{"start":{"line":84,"column":6},"end":{"line":86,"column":14}},"locations":[{"start":{"line":84,"column":6},"end":{"line":86,"column":14}}]},"30":{"type":"branch","line":88,"loc":{"start":{"line":88,"column":6},"end":{"line":110,"column":7}},"locations":[{"start":{"line":88,"column":6},"end":{"line":110,"column":7}}]},"31":{"type":"branch","line":89,"loc":{"start":{"line":89,"column":36},"end":{"line":89,"column":42}},"locations":[{"start":{"line":89,"column":36},"end":{"line":89,"column":42}}]},"32":{"type":"branch","line":90,"loc":{"start":{"line":90,"column":49},"end":{"line":90,"column":56}},"locations":[{"start":{"line":90,"column":49},"end":{"line":90,"column":56}}]},"33":{"type":"branch","line":91,"loc":{"start":{"line":91,"column":22},"end":{"line":96,"column":9}},"locations":[{"start":{"line":91,"column":22},"end":{"line":96,"column":9}}]},"34":{"type":"branch","line":94,"loc":{"start":{"line":94,"column":41},"end":{"line":94,"column":78}},"locations":[{"start":{"line":94,"column":41},"end":{"line":94,"column":78}}]},"35":{"type":"branch","line":95,"loc":{"start":{"line":95,"column":31},"end":{"line":95,"column":54}},"locations":[{"start":{"line":95,"column":31},"end":{"line":95,"column":54}}]},"36":{"type":"branch","line":98,"loc":{"start":{"line":98,"column":42},"end":{"line":98,"column":48}},"locations":[{"start":{"line":98,"column":42},"end":{"line":98,"column":48}}]},"37":{"type":"branch","line":98,"loc":{"start":{"line":98,"column":49},"end":{"line":98,"column":78}},"locations":[{"start":{"line":98,"column":49},"end":{"line":98,"column":78}}]},"38":{"type":"branch","line":98,"loc":{"start":{"line":98,"column":72},"end":{"line":98,"column":78}},"locations":[{"start":{"line":98,"column":72},"end":{"line":98,"column":78}}]},"39":{"type":"branch","line":99,"loc":{"start":{"line":99,"column":18},"end":{"line":99,"column":30}},"locations":[{"start":{"line":99,"column":18},"end":{"line":99,"column":30}}]},"40":{"type":"branch","line":99,"loc":{"start":{"line":99,"column":32},"end":{"line":104,"column":9}},"locations":[{"start":{"line":99,"column":32},"end":{"line":104,"column":9}}]},"41":{"type":"branch","line":100,"loc":{"start":{"line":100,"column":50},"end":{"line":100,"column":85}},"locations":[{"start":{"line":100,"column":50},"end":{"line":100,"column":85}}]},"42":{"type":"branch","line":101,"loc":{"start":{"line":101,"column":27},"end":{"line":103,"column":11}},"locations":[{"start":{"line":101,"column":27},"end":{"line":103,"column":11}}]},"43":{"type":"branch","line":112,"loc":{"start":{"line":112,"column":6},"end":{"line":120,"column":7}},"locations":[{"start":{"line":112,"column":6},"end":{"line":120,"column":7}}]},"44":{"type":"branch","line":113,"loc":{"start":{"line":113,"column":48},"end":{"line":113,"column":55}},"locations":[{"start":{"line":113,"column":48},"end":{"line":113,"column":55}}]},"45":{"type":"branch","line":114,"loc":{"start":{"line":114,"column":21},"end":{"line":114,"column":56}},"locations":[{"start":{"line":114,"column":21},"end":{"line":114,"column":56}}]},"46":{"type":"branch","line":116,"loc":{"start":{"line":116,"column":33},"end":{"line":116,"column":44}},"locations":[{"start":{"line":116,"column":33},"end":{"line":116,"column":44}}]},"47":{"type":"branch","line":116,"loc":{"start":{"line":116,"column":46},"end":{"line":118,"column":9}},"locations":[{"start":{"line":116,"column":46},"end":{"line":118,"column":9}}]},"48":{"type":"branch","line":122,"loc":{"start":{"line":122,"column":6},"end":{"line":162,"column":7}},"locations":[{"start":{"line":122,"column":6},"end":{"line":162,"column":7}}]},"49":{"type":"branch","line":124,"loc":{"start":{"line":124,"column":35},"end":{"line":124,"column":68}},"locations":[{"start":{"line":124,"column":35},"end":{"line":124,"column":68}}]},"50":{"type":"branch","line":124,"loc":{"start":{"line":124,"column":69},"end":{"line":124,"column":96}},"locations":[{"start":{"line":124,"column":69},"end":{"line":124,"column":96}}]},"51":{"type":"branch","line":124,"loc":{"start":{"line":124,"column":98},"end":{"line":124,"column":104}},"locations":[{"start":{"line":124,"column":98},"end":{"line":124,"column":104}}]},"52":{"type":"branch","line":124,"loc":{"start":{"line":124,"column":103},"end":{"line":130,"column":40}},"locations":[{"start":{"line":124,"column":103},"end":{"line":130,"column":40}}]},"53":{"type":"branch","line":130,"loc":{"start":{"line":130,"column":40},"end":{"line":130,"column":75}},"locations":[{"start":{"line":130,"column":40},"end":{"line":130,"column":75}}]},"54":{"type":"branch","line":130,"loc":{"start":{"line":130,"column":74},"end":{"line":133,"column":46}},"locations":[{"start":{"line":130,"column":74},"end":{"line":133,"column":46}}]},"55":{"type":"branch","line":131,"loc":{"start":{"line":131,"column":54},"end":{"line":131,"column":98}},"locations":[{"start":{"line":131,"column":54},"end":{"line":131,"column":98}}]},"56":{"type":"branch","line":131,"loc":{"start":{"line":131,"column":97},"end":{"line":133,"column":46}},"locations":[{"start":{"line":131,"column":97},"end":{"line":133,"column":46}}]},"57":{"type":"branch","line":133,"loc":{"start":{"line":133,"column":10},"end":{"line":133,"column":46}},"locations":[{"start":{"line":133,"column":10},"end":{"line":133,"column":46}}]},"58":{"type":"branch","line":133,"loc":{"start":{"line":133,"column":45},"end":{"line":135,"column":49}},"locations":[{"start":{"line":133,"column":45},"end":{"line":135,"column":49}}]},"59":{"type":"branch","line":135,"loc":{"start":{"line":135,"column":49},"end":{"line":137,"column":9}},"locations":[{"start":{"line":135,"column":49},"end":{"line":137,"column":9}}]},"60":{"type":"branch","line":137,"loc":{"start":{"line":137,"column":9},"end":{"line":160,"column":9}},"locations":[{"start":{"line":137,"column":9},"end":{"line":160,"column":9}}]},"61":{"type":"branch","line":137,"loc":{"start":{"line":137,"column":48},"end":{"line":149,"column":9}},"locations":[{"start":{"line":137,"column":48},"end":{"line":149,"column":9}}]},"62":{"type":"branch","line":140,"loc":{"start":{"line":140,"column":37},"end":{"line":142,"column":11}},"locations":[{"start":{"line":140,"column":37},"end":{"line":142,"column":11}}]},"63":{"type":"branch","line":145,"loc":{"start":{"line":145,"column":36},"end":{"line":148,"column":11}},"locations":[{"start":{"line":145,"column":36},"end":{"line":148,"column":11}}]},"64":{"type":"branch","line":149,"loc":{"start":{"line":149,"column":9},"end":{"line":160,"column":9}},"locations":[{"start":{"line":149,"column":9},"end":{"line":160,"column":9}}]},"65":{"type":"branch","line":150,"loc":{"start":{"line":150,"column":31},"end":{"line":159,"column":11}},"locations":[{"start":{"line":150,"column":31},"end":{"line":159,"column":11}}]},"66":{"type":"branch","line":152,"loc":{"start":{"line":152,"column":59},"end":{"line":154,"column":13}},"locations":[{"start":{"line":152,"column":59},"end":{"line":154,"column":13}}]},"67":{"type":"branch","line":154,"loc":{"start":{"line":154,"column":13},"end":{"line":156,"column":13}},"locations":[{"start":{"line":154,"column":13},"end":{"line":156,"column":13}}]},"68":{"type":"branch","line":160,"loc":{"start":{"line":160,"column":8},"end":{"line":162,"column":7}},"locations":[{"start":{"line":160,"column":8},"end":{"line":162,"column":7}}]},"69":{"type":"branch","line":164,"loc":{"start":{"line":164,"column":6},"end":{"line":164,"column":23}},"locations":[{"start":{"line":164,"column":6},"end":{"line":164,"column":23}}]},"70":{"type":"branch","line":165,"loc":{"start":{"line":165,"column":6},"end":{"line":170,"column":7}},"locations":[{"start":{"line":165,"column":6},"end":{"line":170,"column":7}}]},"71":{"type":"branch","line":172,"loc":{"start":{"line":172,"column":6},"end":{"line":174,"column":14}},"locations":[{"start":{"line":172,"column":6},"end":{"line":174,"column":14}}]},"72":{"type":"branch","line":176,"loc":{"start":{"line":176,"column":6},"end":{"line":178,"column":14}},"locations":[{"start":{"line":176,"column":6},"end":{"line":178,"column":14}}]},"73":{"type":"branch","line":180,"loc":{"start":{"line":180,"column":6},"end":{"line":186,"column":7}},"locations":[{"start":{"line":180,"column":6},"end":{"line":186,"column":7}}]},"74":{"type":"branch","line":187,"loc":{"start":{"line":187,"column":6},"end":{"line":193,"column":7}},"locations":[{"start":{"line":187,"column":6},"end":{"line":193,"column":7}}]},"75":{"type":"branch","line":195,"loc":{"start":{"line":195,"column":6},"end":{"line":199,"column":7}},"locations":[{"start":{"line":195,"column":6},"end":{"line":199,"column":7}}]},"76":{"type":"branch","line":203,"loc":{"start":{"line":203,"column":19},"end":{"line":203,"column":45}},"locations":[{"start":{"line":203,"column":19},"end":{"line":203,"column":45}}]},"77":{"type":"branch","line":203,"loc":{"start":{"line":203,"column":47},"end":{"line":211,"column":5}},"locations":[{"start":{"line":203,"column":47},"end":{"line":211,"column":5}}]},"78":{"type":"branch","line":204,"loc":{"start":{"line":204,"column":61},"end":{"line":204,"column":66}},"locations":[{"start":{"line":204,"column":61},"end":{"line":204,"column":66}}]},"79":{"type":"branch","line":215,"loc":{"start":{"line":215,"column":46},"end":{"line":215,"column":64}},"locations":[{"start":{"line":215,"column":46},"end":{"line":215,"column":64}}]},"80":{"type":"branch","line":215,"loc":{"start":{"line":215,"column":66},"end":{"line":222,"column":3}},"locations":[{"start":{"line":215,"column":66},"end":{"line":222,"column":3}}]},"81":{"type":"branch","line":217,"loc":{"start":{"line":217,"column":51},"end":{"line":219,"column":5}},"locations":[{"start":{"line":217,"column":51},"end":{"line":219,"column":5}}]},"82":{"type":"branch","line":222,"loc":{"start":{"line":222,"column":3},"end":{"line":224,"column":3}},"locations":[{"start":{"line":222,"column":3},"end":{"line":224,"column":3}}]},"83":{"type":"branch","line":222,"loc":{"start":{"line":222,"column":40},"end":{"line":222,"column":74}},"locations":[{"start":{"line":222,"column":40},"end":{"line":222,"column":74}}]},"84":{"type":"branch","line":222,"loc":{"start":{"line":222,"column":76},"end":{"line":222,"column":95}},"locations":[{"start":{"line":222,"column":76},"end":{"line":222,"column":95}}]},"85":{"type":"branch","line":222,"loc":{"start":{"line":222,"column":97},"end":{"line":224,"column":3}},"locations":[{"start":{"line":222,"column":97},"end":{"line":224,"column":3}}]},"86":{"type":"branch","line":230,"loc":{"start":{"line":230,"column":4},"end":{"line":230,"column":21}},"locations":[{"start":{"line":230,"column":4},"end":{"line":230,"column":21}}]},"87":{"type":"branch","line":231,"loc":{"start":{"line":231,"column":4},"end":{"line":231,"column":23}},"locations":[{"start":{"line":231,"column":4},"end":{"line":231,"column":23}}]},"88":{"type":"branch","line":232,"loc":{"start":{"line":232,"column":4},"end":{"line":232,"column":22}},"locations":[{"start":{"line":232,"column":4},"end":{"line":232,"column":22}}]},"89":{"type":"branch","line":233,"loc":{"start":{"line":233,"column":4},"end":{"line":235,"column":12}},"locations":[{"start":{"line":233,"column":4},"end":{"line":235,"column":12}}]},"90":{"type":"branch","line":237,"loc":{"start":{"line":237,"column":4},"end":{"line":243,"column":12}},"locations":[{"start":{"line":237,"column":4},"end":{"line":243,"column":12}}]},"91":{"type":"branch","line":238,"loc":{"start":{"line":238,"column":49},"end":{"line":242,"column":7}},"locations":[{"start":{"line":238,"column":49},"end":{"line":242,"column":7}}]},"92":{"type":"branch","line":245,"loc":{"start":{"line":245,"column":4},"end":{"line":247,"column":12}},"locations":[{"start":{"line":245,"column":4},"end":{"line":247,"column":12}}]},"93":{"type":"branch","line":249,"loc":{"start":{"line":249,"column":4},"end":{"line":257,"column":5}},"locations":[{"start":{"line":249,"column":4},"end":{"line":257,"column":5}}]},"94":{"type":"branch","line":251,"loc":{"start":{"line":251,"column":33},"end":{"line":253,"column":7}},"locations":[{"start":{"line":251,"column":33},"end":{"line":253,"column":7}}]},"95":{"type":"branch","line":253,"loc":{"start":{"line":253,"column":7},"end":{"line":255,"column":7}},"locations":[{"start":{"line":253,"column":7},"end":{"line":255,"column":7}}]},"96":{"type":"branch","line":259,"loc":{"start":{"line":259,"column":4},"end":{"line":261,"column":12}},"locations":[{"start":{"line":259,"column":4},"end":{"line":261,"column":12}}]},"97":{"type":"branch","line":263,"loc":{"start":{"line":263,"column":4},"end":{"line":265,"column":12}},"locations":[{"start":{"line":263,"column":4},"end":{"line":265,"column":12}}]},"98":{"type":"branch","line":270,"loc":{"start":{"line":270,"column":40},"end":{"line":274,"column":3}},"locations":[{"start":{"line":270,"column":40},"end":{"line":274,"column":3}}]},"99":{"type":"branch","line":277,"loc":{"start":{"line":277,"column":31},"end":{"line":281,"column":3}},"locations":[{"start":{"line":277,"column":31},"end":{"line":281,"column":3}}]},"100":{"type":"branch","line":286,"loc":{"start":{"line":286,"column":39},"end":{"line":290,"column":3}},"locations":[{"start":{"line":286,"column":39},"end":{"line":290,"column":3}}]},"101":{"type":"branch","line":287,"loc":{"start":{"line":287,"column":20},"end":{"line":287,"column":46}},"locations":[{"start":{"line":287,"column":20},"end":{"line":287,"column":46}}]},"102":{"type":"branch","line":287,"loc":{"start":{"line":287,"column":48},"end":{"line":289,"column":5}},"locations":[{"start":{"line":287,"column":48},"end":{"line":289,"column":5}}]},"103":{"type":"branch","line":294,"loc":{"start":{"line":294,"column":36},"end":{"line":304,"column":3}},"locations":[{"start":{"line":294,"column":36},"end":{"line":304,"column":3}}]},"104":{"type":"branch","line":295,"loc":{"start":{"line":295,"column":47},"end":{"line":299,"column":5}},"locations":[{"start":{"line":295,"column":47},"end":{"line":299,"column":5}}]},"105":{"type":"branch","line":296,"loc":{"start":{"line":296,"column":26},"end":{"line":298,"column":7}},"locations":[{"start":{"line":296,"column":26},"end":{"line":298,"column":7}}]},"106":{"type":"branch","line":301,"loc":{"start":{"line":301,"column":23},"end":{"line":301,"column":42}},"locations":[{"start":{"line":301,"column":23},"end":{"line":301,"column":42}}]},"107":{"type":"branch","line":301,"loc":{"start":{"line":301,"column":43},"end":{"line":301,"column":59}},"locations":[{"start":{"line":301,"column":43},"end":{"line":301,"column":59}}]},"108":{"type":"branch","line":301,"loc":{"start":{"line":301,"column":60},"end":{"line":301,"column":71}},"locations":[{"start":{"line":301,"column":60},"end":{"line":301,"column":71}}]},"109":{"type":"branch","line":301,"loc":{"start":{"line":301,"column":73},"end":{"line":303,"column":5}},"locations":[{"start":{"line":301,"column":73},"end":{"line":303,"column":5}}]},"110":{"type":"branch","line":308,"loc":{"start":{"line":308,"column":15},"end":{"line":310,"column":3}},"locations":[{"start":{"line":308,"column":15},"end":{"line":310,"column":3}}]},"111":{"type":"branch","line":314,"loc":{"start":{"line":314,"column":28},"end":{"line":332,"column":3}},"locations":[{"start":{"line":314,"column":28},"end":{"line":332,"column":3}}]},"112":{"type":"branch","line":319,"loc":{"start":{"line":319,"column":31},"end":{"line":328,"column":5}},"locations":[{"start":{"line":319,"column":31},"end":{"line":328,"column":5}}]},"113":{"type":"branch","line":320,"loc":{"start":{"line":320,"column":25},"end":{"line":320,"column":37}},"locations":[{"start":{"line":320,"column":25},"end":{"line":320,"column":37}}]},"114":{"type":"branch","line":321,"loc":{"start":{"line":321,"column":35},"end":{"line":321,"column":73}},"locations":[{"start":{"line":321,"column":35},"end":{"line":321,"column":73}}]},"115":{"type":"branch","line":321,"loc":{"start":{"line":321,"column":59},"end":{"line":321,"column":66}},"locations":[{"start":{"line":321,"column":59},"end":{"line":321,"column":66}}]},"116":{"type":"branch","line":321,"loc":{"start":{"line":321,"column":75},"end":{"line":324,"column":7}},"locations":[{"start":{"line":321,"column":75},"end":{"line":324,"column":7}}]},"117":{"type":"branch","line":323,"loc":{"start":{"line":323,"column":55},"end":{"line":323,"column":59}},"locations":[{"start":{"line":323,"column":55},"end":{"line":323,"column":59}}]},"118":{"type":"branch","line":325,"loc":{"start":{"line":325,"column":27},"end":{"line":325,"column":79}},"locations":[{"start":{"line":325,"column":27},"end":{"line":325,"column":79}}]},"119":{"type":"branch","line":325,"loc":{"start":{"line":325,"column":54},"end":{"line":325,"column":78}},"locations":[{"start":{"line":325,"column":54},"end":{"line":325,"column":78}}]},"120":{"type":"branch","line":325,"loc":{"start":{"line":325,"column":64},"end":{"line":325,"column":71}},"locations":[{"start":{"line":325,"column":64},"end":{"line":325,"column":71}}]},"121":{"type":"branch","line":325,"loc":{"start":{"line":325,"column":81},"end":{"line":327,"column":7}},"locations":[{"start":{"line":325,"column":81},"end":{"line":327,"column":7}}]},"122":{"type":"branch","line":326,"loc":{"start":{"line":326,"column":52},"end":{"line":326,"column":68}},"locations":[{"start":{"line":326,"column":52},"end":{"line":326,"column":68}}]},"123":{"type":"branch","line":326,"loc":{"start":{"line":326,"column":69},"end":{"line":326,"column":73}},"locations":[{"start":{"line":326,"column":69},"end":{"line":326,"column":73}}]},"124":{"type":"branch","line":329,"loc":{"start":{"line":329,"column":29},"end":{"line":329,"column":72}},"locations":[{"start":{"line":329,"column":29},"end":{"line":329,"column":72}}]},"125":{"type":"branch","line":329,"loc":{"start":{"line":329,"column":74},"end":{"line":331,"column":5}},"locations":[{"start":{"line":329,"column":74},"end":{"line":331,"column":5}}]},"126":{"type":"branch","line":336,"loc":{"start":{"line":336,"column":21},"end":{"line":338,"column":3}},"locations":[{"start":{"line":336,"column":21},"end":{"line":338,"column":3}}]},"127":{"type":"branch","line":338,"loc":{"start":{"line":338,"column":3},"end":{"line":355,"column":3}},"locations":[{"start":{"line":338,"column":3},"end":{"line":355,"column":3}}]},"128":{"type":"branch","line":340,"loc":{"start":{"line":340,"column":50},"end":{"line":340,"column":68}},"locations":[{"start":{"line":340,"column":50},"end":{"line":340,"column":68}}]},"129":{"type":"branch","line":340,"loc":{"start":{"line":340,"column":69},"end":{"line":340,"column":86}},"locations":[{"start":{"line":340,"column":69},"end":{"line":340,"column":86}}]},"130":{"type":"branch","line":341,"loc":{"start":{"line":341,"column":23},"end":{"line":349,"column":5}},"locations":[{"start":{"line":341,"column":23},"end":{"line":349,"column":5}}]},"131":{"type":"branch","line":342,"loc":{"start":{"line":342,"column":33},"end":{"line":348,"column":7}},"locations":[{"start":{"line":342,"column":33},"end":{"line":348,"column":7}}]},"132":{"type":"branch","line":343,"loc":{"start":{"line":343,"column":27},"end":{"line":343,"column":39}},"locations":[{"start":{"line":343,"column":27},"end":{"line":343,"column":39}}]},"133":{"type":"branch","line":344,"loc":{"start":{"line":344,"column":37},"end":{"line":344,"column":75}},"locations":[{"start":{"line":344,"column":37},"end":{"line":344,"column":75}}]},"134":{"type":"branch","line":344,"loc":{"start":{"line":344,"column":61},"end":{"line":344,"column":68}},"locations":[{"start":{"line":344,"column":61},"end":{"line":344,"column":68}}]},"135":{"type":"branch","line":344,"loc":{"start":{"line":344,"column":77},"end":{"line":347,"column":9}},"locations":[{"start":{"line":344,"column":77},"end":{"line":347,"column":9}}]},"136":{"type":"branch","line":350,"loc":{"start":{"line":350,"column":22},"end":{"line":352,"column":5}},"locations":[{"start":{"line":350,"column":22},"end":{"line":352,"column":5}}]},"137":{"type":"branch","line":352,"loc":{"start":{"line":352,"column":5},"end":{"line":354,"column":5}},"locations":[{"start":{"line":352,"column":5},"end":{"line":354,"column":5}}]},"138":{"type":"branch","line":352,"loc":{"start":{"line":352,"column":34},"end":{"line":354,"column":5}},"locations":[{"start":{"line":352,"column":34},"end":{"line":354,"column":5}}]},"139":{"type":"branch","line":359,"loc":{"start":{"line":359,"column":29},"end":{"line":405,"column":3}},"locations":[{"start":{"line":359,"column":29},"end":{"line":405,"column":3}}]},"140":{"type":"branch","line":365,"loc":{"start":{"line":365,"column":31},"end":{"line":378,"column":5}},"locations":[{"start":{"line":365,"column":31},"end":{"line":378,"column":5}}]},"141":{"type":"branch","line":366,"loc":{"start":{"line":366,"column":25},"end":{"line":366,"column":37}},"locations":[{"start":{"line":366,"column":25},"end":{"line":366,"column":37}}]},"142":{"type":"branch","line":367,"loc":{"start":{"line":367,"column":40},"end":{"line":367,"column":58}},"locations":[{"start":{"line":367,"column":40},"end":{"line":367,"column":58}}]},"143":{"type":"branch","line":367,"loc":{"start":{"line":367,"column":59},"end":{"line":367,"column":63}},"locations":[{"start":{"line":367,"column":59},"end":{"line":367,"column":63}}]},"144":{"type":"branch","line":368,"loc":{"start":{"line":368,"column":35},"end":{"line":368,"column":73}},"locations":[{"start":{"line":368,"column":35},"end":{"line":368,"column":73}}]},"145":{"type":"branch","line":368,"loc":{"start":{"line":368,"column":59},"end":{"line":368,"column":66}},"locations":[{"start":{"line":368,"column":59},"end":{"line":368,"column":66}}]},"146":{"type":"branch","line":368,"loc":{"start":{"line":368,"column":75},"end":{"line":373,"column":7}},"locations":[{"start":{"line":368,"column":75},"end":{"line":373,"column":7}}]},"147":{"type":"branch","line":369,"loc":{"start":{"line":369,"column":31},"end":{"line":369,"column":55}},"locations":[{"start":{"line":369,"column":31},"end":{"line":369,"column":55}}]},"148":{"type":"branch","line":369,"loc":{"start":{"line":369,"column":57},"end":{"line":371,"column":9}},"locations":[{"start":{"line":369,"column":57},"end":{"line":371,"column":9}}]},"149":{"type":"branch","line":374,"loc":{"start":{"line":374,"column":27},"end":{"line":374,"column":79}},"locations":[{"start":{"line":374,"column":27},"end":{"line":374,"column":79}}]},"150":{"type":"branch","line":374,"loc":{"start":{"line":374,"column":54},"end":{"line":374,"column":78}},"locations":[{"start":{"line":374,"column":54},"end":{"line":374,"column":78}}]},"151":{"type":"branch","line":374,"loc":{"start":{"line":374,"column":81},"end":{"line":377,"column":7}},"locations":[{"start":{"line":374,"column":81},"end":{"line":377,"column":7}}]},"152":{"type":"branch","line":380,"loc":{"start":{"line":380,"column":23},"end":{"line":380,"column":66}},"locations":[{"start":{"line":380,"column":23},"end":{"line":380,"column":66}}]},"153":{"type":"branch","line":380,"loc":{"start":{"line":380,"column":68},"end":{"line":382,"column":5}},"locations":[{"start":{"line":380,"column":68},"end":{"line":382,"column":5}}]},"154":{"type":"branch","line":382,"loc":{"start":{"line":382,"column":5},"end":{"line":404,"column":5}},"locations":[{"start":{"line":382,"column":5},"end":{"line":404,"column":5}}]},"155":{"type":"branch","line":382,"loc":{"start":{"line":382,"column":35},"end":{"line":402,"column":5}},"locations":[{"start":{"line":382,"column":35},"end":{"line":402,"column":5}}]},"156":{"type":"branch","line":385,"loc":{"start":{"line":385,"column":33},"end":{"line":395,"column":7}},"locations":[{"start":{"line":385,"column":33},"end":{"line":395,"column":7}}]},"157":{"type":"branch","line":386,"loc":{"start":{"line":386,"column":27},"end":{"line":386,"column":39}},"locations":[{"start":{"line":386,"column":27},"end":{"line":386,"column":39}}]},"158":{"type":"branch","line":387,"loc":{"start":{"line":387,"column":42},"end":{"line":387,"column":60}},"locations":[{"start":{"line":387,"column":42},"end":{"line":387,"column":60}}]},"159":{"type":"branch","line":387,"loc":{"start":{"line":387,"column":61},"end":{"line":387,"column":65}},"locations":[{"start":{"line":387,"column":61},"end":{"line":387,"column":65}}]},"160":{"type":"branch","line":388,"loc":{"start":{"line":388,"column":38},"end":{"line":388,"column":55}},"locations":[{"start":{"line":388,"column":38},"end":{"line":388,"column":55}}]},"161":{"type":"branch","line":388,"loc":{"start":{"line":388,"column":56},"end":{"line":388,"column":61}},"locations":[{"start":{"line":388,"column":56},"end":{"line":388,"column":61}}]},"162":{"type":"branch","line":389,"loc":{"start":{"line":389,"column":34},"end":{"line":389,"column":53}},"locations":[{"start":{"line":389,"column":34},"end":{"line":389,"column":53}}]},"163":{"type":"branch","line":389,"loc":{"start":{"line":389,"column":55},"end":{"line":394,"column":9}},"locations":[{"start":{"line":389,"column":55},"end":{"line":394,"column":9}}]},"164":{"type":"branch","line":396,"loc":{"start":{"line":396,"column":37},"end":{"line":398,"column":7}},"locations":[{"start":{"line":396,"column":37},"end":{"line":398,"column":7}}]},"165":{"type":"branch","line":402,"loc":{"start":{"line":402,"column":5},"end":{"line":404,"column":5}},"locations":[{"start":{"line":402,"column":5},"end":{"line":404,"column":5}}]}},"b":{"0":[282],"1":[0],"2":[16],"3":[266],"4":[191],"5":[2],"6":[264],"7":[189],"8":[0],"9":[264],"10":[1],"11":[263],"12":[189],"13":[48],"14":[0],"15":[263],"16":[71],"17":[113],"18":[0],"19":[33],"20":[0],"21":[0],"22":[0],"23":[0],"24":[108],"25":[107],"26":[6],"27":[1],"28":[2],"29":[1],"30":[45],"31":[0],"32":[37],"33":[37],"34":[33],"35":[23],"36":[8],"37":[37],"38":[0],"39":[8],"40":[8],"41":[2],"42":[7],"43":[2],"44":[1],"45":[1],"46":[1],"47":[1],"48":[33],"49":[3],"50":[2],"51":[2],"52":[31],"53":[10],"54":[21],"55":[6],"56":[15],"57":[5],"58":[31],"59":[6],"60":[25],"61":[15],"62":[11],"63":[4],"64":[10],"65":[5],"66":[1],"67":[4],"68":[31],"69":[7],"70":[9],"71":[1],"72":[1],"73":[0],"74":[1],"75":[0],"76":[9],"77":[4],"78":[1],"79":[5],"80":[1],"81":[0],"82":[70],"83":[66],"84":[5],"85":[1],"86":[1],"87":[5],"88":[6],"89":[7],"90":[47],"91":[22],"92":[2],"93":[9],"94":[5],"95":[4],"96":[5],"97":[1],"98":[4],"99":[1],"100":[44],"101":[0],"102":[0],"103":[64],"104":[23],"105":[1],"106":[5],"107":[5],"108":[4],"109":[4],"110":[36],"111":[36],"112":[55],"113":[0],"114":[28],"115":[24],"116":[19],"117":[0],"118":[17],"119":[14],"120":[4],"121":[3],"122":[0],"123":[0],"124":[16],"125":[16],"126":[25],"127":[46],"128":[29],"129":[26],"130":[22],"131":[13],"132":[0],"133":[5],"134":[3],"135":[0],"136":[24],"137":[22],"138":[2],"139":[24],"140":[40],"141":[0],"142":[7],"143":[0],"144":[28],"145":[24],"146":[23],"147":[3],"148":[3],"149":[7],"150":[2],"151":[5],"152":[3],"153":[3],"154":[21],"155":[2],"156":[5],"157":[0],"158":[3],"159":[0],"160":[0],"161":[0],"162":[1],"163":[0],"164":[0],"165":[19]},"fnMap":{"0":{"name":"isBot","decl":{"start":{"line":6,"column":7},"end":{"line":15,"column":1}},"loc":{"start":{"line":6,"column":7},"end":{"line":15,"column":1}},"line":6},"1":{"name":"computeAttentionSet","decl":{"start":{"line":38,"column":7},"end":{"line":408,"column":1}},"loc":{"start":{"line":38,"column":7},"end":{"line":408,"column":1}},"line":38}},"f":{"0":282,"1":71}}
,"/home/chuby9726/clawspace/github-attention-set/background.js": {"path":"/home/chuby9726/clawspace/github-attention-set/background.js","all":true,"statementMap":{"0":{"start":{"line":1,"column":0},"end":{"line":1,"column":51}},"2":{"start":{"line":3,"column":0},"end":{"line":3,"column":53}},"3":{"start":{"line":4,"column":0},"end":{"line":4,"column":42}},"4":{"start":{"line":5,"column":0},"end":{"line":5,"column":45}},"6":{"start":{"line":7,"column":0},"end":{"line":7,"column":43}},"7":{"start":{"line":8,"column":0},"end":{"line":8,"column":39}},"9":{"start":{"line":10,"column":0},"end":{"line":10,"column":45}},"10":{"start":{"line":11,"column":0},"end":{"line":11,"column":28}},"12":{"start":{"line":13,"column":0},"end":{"line":13,"column":39}},"13":{"start":{"line":14,"column":0},"end":{"line":14,"column":55}},"14":{"start":{"line":15,"column":0},"end":{"line":15,"column":29}},"15":{"start":{"line":16,"column":0},"end":{"line":16,"column":70}},"16":{"start":{"line":17,"column":0},"end":{"line":17,"column":32}},"17":{"start":{"line":18,"column":0},"end":{"line":18,"column":5}},"18":{"start":{"line":19,"column":0},"end":{"line":19,"column":3}},"19":{"start":{"line":20,"column":0},"end":{"line":20,"column":3}},"21":{"start":{"line":22,"column":0},"end":{"line":22,"column":46}},"22":{"start":{"line":23,"column":0},"end":{"line":23,"column":75}},"23":{"start":{"line":24,"column":0},"end":{"line":24,"column":3}},"25":{"start":{"line":26,"column":0},"end":{"line":26,"column":52}},"26":{"start":{"line":27,"column":0},"end":{"line":27,"column":52}},"27":{"start":{"line":28,"column":0},"end":{"line":28,"column":3}},"29":{"start":{"line":30,"column":0},"end":{"line":30,"column":23}},"30":{"start":{"line":31,"column":0},"end":{"line":31,"column":17}},"32":{"start":{"line":33,"column":0},"end":{"line":33,"column":30}},"33":{"start":{"line":34,"column":0},"end":{"line":34,"column":20}},"34":{"start":{"line":35,"column":0},"end":{"line":35,"column":14}},"35":{"start":{"line":36,"column":0},"end":{"line":36,"column":17}},"36":{"start":{"line":37,"column":0},"end":{"line":37,"column":38}},"37":{"start":{"line":38,"column":0},"end":{"line":38,"column":39}},"38":{"start":{"line":39,"column":0},"end":{"line":39,"column":24}},"39":{"start":{"line":40,"column":0},"end":{"line":40,"column":4}},"40":{"start":{"line":41,"column":0},"end":{"line":41,"column":67}},"41":{"start":{"line":42,"column":0},"end":{"line":42,"column":1}},"43":{"start":{"line":44,"column":0},"end":{"line":44,"column":63}},"44":{"start":{"line":45,"column":0},"end":{"line":45,"column":46}},"45":{"start":{"line":46,"column":0},"end":{"line":46,"column":96}},"47":{"start":{"line":48,"column":0},"end":{"line":48,"column":16}},"48":{"start":{"line":49,"column":0},"end":{"line":49,"column":38}},"49":{"start":{"line":50,"column":0},"end":{"line":50,"column":23}},"50":{"start":{"line":51,"column":0},"end":{"line":51,"column":45}},"51":{"start":{"line":52,"column":0},"end":{"line":52,"column":5}},"52":{"start":{"line":53,"column":0},"end":{"line":53,"column":3}},"54":{"start":{"line":55,"column":0},"end":{"line":55,"column":44}},"56":{"start":{"line":57,"column":0},"end":{"line":57,"column":38}},"57":{"start":{"line":58,"column":0},"end":{"line":58,"column":38}},"58":{"start":{"line":59,"column":0},"end":{"line":59,"column":41}},"59":{"start":{"line":60,"column":0},"end":{"line":60,"column":53}},"60":{"start":{"line":61,"column":0},"end":{"line":61,"column":36}},"61":{"start":{"line":62,"column":0},"end":{"line":62,"column":93}},"62":{"start":{"line":63,"column":0},"end":{"line":63,"column":7}},"63":{"start":{"line":64,"column":0},"end":{"line":64,"column":65}},"64":{"start":{"line":65,"column":0},"end":{"line":65,"column":24}},"65":{"start":{"line":66,"column":0},"end":{"line":66,"column":3}},"67":{"start":{"line":68,"column":0},"end":{"line":68,"column":59}},"68":{"start":{"line":69,"column":0},"end":{"line":69,"column":32}},"70":{"start":{"line":71,"column":0},"end":{"line":71,"column":16}},"71":{"start":{"line":72,"column":0},"end":{"line":72,"column":41}},"72":{"start":{"line":73,"column":0},"end":{"line":73,"column":15}},"73":{"start":{"line":74,"column":0},"end":{"line":74,"column":41}},"74":{"start":{"line":75,"column":0},"end":{"line":75,"column":5}},"75":{"start":{"line":76,"column":0},"end":{"line":76,"column":3}},"77":{"start":{"line":78,"column":0},"end":{"line":78,"column":14}},"78":{"start":{"line":79,"column":0},"end":{"line":79,"column":1}},"80":{"start":{"line":81,"column":0},"end":{"line":81,"column":31}},"81":{"start":{"line":82,"column":0},"end":{"line":82,"column":13}},"82":{"start":{"line":83,"column":0},"end":{"line":83,"column":18}},"83":{"start":{"line":84,"column":0},"end":{"line":84,"column":61}},"84":{"start":{"line":85,"column":0},"end":{"line":85,"column":3}},"85":{"start":{"line":86,"column":0},"end":{"line":86,"column":37}},"86":{"start":{"line":87,"column":0},"end":{"line":87,"column":45}},"87":{"start":{"line":88,"column":0},"end":{"line":88,"column":30}},"89":{"start":{"line":90,"column":0},"end":{"line":90,"column":102}},"91":{"start":{"line":92,"column":0},"end":{"line":92,"column":25}},"92":{"start":{"line":93,"column":0},"end":{"line":93,"column":32}},"93":{"start":{"line":94,"column":0},"end":{"line":94,"column":21}},"95":{"start":{"line":96,"column":0},"end":{"line":96,"column":55}},"96":{"start":{"line":97,"column":0},"end":{"line":97,"column":50}},"97":{"start":{"line":98,"column":0},"end":{"line":98,"column":43}},"98":{"start":{"line":99,"column":0},"end":{"line":99,"column":31}},"99":{"start":{"line":100,"column":0},"end":{"line":100,"column":104}},"100":{"start":{"line":101,"column":0},"end":{"line":101,"column":33}},"102":{"start":{"line":103,"column":0},"end":{"line":103,"column":21}},"103":{"start":{"line":104,"column":0},"end":{"line":104,"column":13}},"104":{"start":{"line":105,"column":0},"end":{"line":105,"column":57}},"105":{"start":{"line":106,"column":0},"end":{"line":106,"column":24}},"106":{"start":{"line":107,"column":0},"end":{"line":107,"column":49}},"107":{"start":{"line":108,"column":0},"end":{"line":108,"column":40}},"108":{"start":{"line":109,"column":0},"end":{"line":109,"column":92}},"109":{"start":{"line":110,"column":0},"end":{"line":110,"column":20}},"110":{"start":{"line":111,"column":0},"end":{"line":111,"column":32}},"111":{"start":{"line":112,"column":0},"end":{"line":112,"column":14}},"112":{"start":{"line":113,"column":0},"end":{"line":113,"column":36}},"113":{"start":{"line":114,"column":0},"end":{"line":114,"column":59}},"114":{"start":{"line":115,"column":0},"end":{"line":115,"column":11}},"115":{"start":{"line":116,"column":0},"end":{"line":116,"column":17}},"116":{"start":{"line":117,"column":0},"end":{"line":117,"column":24}},"117":{"start":{"line":118,"column":0},"end":{"line":118,"column":9}},"119":{"start":{"line":120,"column":0},"end":{"line":120,"column":110}},"120":{"start":{"line":121,"column":0},"end":{"line":121,"column":29}},"121":{"start":{"line":122,"column":0},"end":{"line":122,"column":27}},"122":{"start":{"line":123,"column":0},"end":{"line":123,"column":11}},"124":{"start":{"line":125,"column":0},"end":{"line":125,"column":28}},"125":{"start":{"line":126,"column":0},"end":{"line":126,"column":39}},"126":{"start":{"line":127,"column":0},"end":{"line":127,"column":85}},"127":{"start":{"line":128,"column":0},"end":{"line":128,"column":49}},"128":{"start":{"line":129,"column":0},"end":{"line":129,"column":9}},"130":{"start":{"line":131,"column":0},"end":{"line":131,"column":16}},"131":{"start":{"line":132,"column":0},"end":{"line":132,"column":20}},"132":{"start":{"line":133,"column":0},"end":{"line":133,"column":17}},"133":{"start":{"line":134,"column":0},"end":{"line":134,"column":26}},"134":{"start":{"line":135,"column":0},"end":{"line":135,"column":27}},"135":{"start":{"line":136,"column":0},"end":{"line":136,"column":35}},"136":{"start":{"line":137,"column":0},"end":{"line":137,"column":32}},"137":{"start":{"line":138,"column":0},"end":{"line":138,"column":38}},"138":{"start":{"line":139,"column":0},"end":{"line":139,"column":51}},"139":{"start":{"line":140,"column":0},"end":{"line":140,"column":47}},"140":{"start":{"line":141,"column":0},"end":{"line":141,"column":39}},"141":{"start":{"line":142,"column":0},"end":{"line":142,"column":37}},"142":{"start":{"line":143,"column":0},"end":{"line":143,"column":39}},"143":{"start":{"line":144,"column":0},"end":{"line":144,"column":35}},"144":{"start":{"line":145,"column":0},"end":{"line":145,"column":51}},"145":{"start":{"line":146,"column":0},"end":{"line":146,"column":22}},"146":{"start":{"line":147,"column":0},"end":{"line":147,"column":36}},"147":{"start":{"line":148,"column":0},"end":{"line":148,"column":10}},"148":{"start":{"line":149,"column":0},"end":{"line":149,"column":9}},"149":{"start":{"line":150,"column":0},"end":{"line":150,"column":6}},"150":{"start":{"line":151,"column":0},"end":{"line":151,"column":34}},"151":{"start":{"line":152,"column":0},"end":{"line":152,"column":3}},"153":{"start":{"line":154,"column":0},"end":{"line":154,"column":31}},"154":{"start":{"line":155,"column":0},"end":{"line":155,"column":1}},"156":{"start":{"line":157,"column":0},"end":{"line":157,"column":33}},"157":{"start":{"line":158,"column":0},"end":{"line":158,"column":39}},"158":{"start":{"line":159,"column":0},"end":{"line":159,"column":41}},"159":{"start":{"line":160,"column":0},"end":{"line":160,"column":75}},"160":{"start":{"line":161,"column":0},"end":{"line":161,"column":85}},"161":{"start":{"line":162,"column":0},"end":{"line":162,"column":4}},"163":{"start":{"line":164,"column":0},"end":{"line":164,"column":28}},"164":{"start":{"line":165,"column":0},"end":{"line":165,"column":16}},"165":{"start":{"line":166,"column":0},"end":{"line":166,"column":11}},"166":{"start":{"line":167,"column":0},"end":{"line":167,"column":3}},"168":{"start":{"line":169,"column":0},"end":{"line":169,"column":7}},"169":{"start":{"line":170,"column":0},"end":{"line":170,"column":35}},"170":{"start":{"line":171,"column":0},"end":{"line":171,"column":43}},"171":{"start":{"line":172,"column":0},"end":{"line":172,"column":120}},"172":{"start":{"line":173,"column":0},"end":{"line":173,"column":6}},"174":{"start":{"line":175,"column":0},"end":{"line":175,"column":38}},"175":{"start":{"line":176,"column":0},"end":{"line":176,"column":27}},"176":{"start":{"line":177,"column":0},"end":{"line":177,"column":23}},"177":{"start":{"line":178,"column":0},"end":{"line":178,"column":25}},"179":{"start":{"line":180,"column":0},"end":{"line":180,"column":65}},"180":{"start":{"line":181,"column":0},"end":{"line":181,"column":66}},"181":{"start":{"line":182,"column":0},"end":{"line":182,"column":34}},"182":{"start":{"line":183,"column":0},"end":{"line":183,"column":32}},"183":{"start":{"line":184,"column":0},"end":{"line":184,"column":27}},"184":{"start":{"line":185,"column":0},"end":{"line":185,"column":27}},"185":{"start":{"line":186,"column":0},"end":{"line":186,"column":9}},"186":{"start":{"line":187,"column":0},"end":{"line":187,"column":7}},"187":{"start":{"line":188,"column":0},"end":{"line":188,"column":5}},"189":{"start":{"line":190,"column":0},"end":{"line":190,"column":52}},"190":{"start":{"line":191,"column":0},"end":{"line":191,"column":39}},"191":{"start":{"line":192,"column":0},"end":{"line":192,"column":31}},"192":{"start":{"line":193,"column":0},"end":{"line":193,"column":100}},"193":{"start":{"line":194,"column":0},"end":{"line":194,"column":45}},"194":{"start":{"line":195,"column":0},"end":{"line":195,"column":29}},"195":{"start":{"line":196,"column":0},"end":{"line":196,"column":113}},"196":{"start":{"line":197,"column":0},"end":{"line":197,"column":10}},"197":{"start":{"line":198,"column":0},"end":{"line":198,"column":7}},"198":{"start":{"line":199,"column":0},"end":{"line":199,"column":5}},"199":{"start":{"line":200,"column":0},"end":{"line":200,"column":41}},"200":{"start":{"line":201,"column":0},"end":{"line":201,"column":60}},"201":{"start":{"line":202,"column":0},"end":{"line":202,"column":5}},"202":{"start":{"line":203,"column":0},"end":{"line":203,"column":51}},"203":{"start":{"line":204,"column":0},"end":{"line":204,"column":58}},"205":{"start":{"line":206,"column":0},"end":{"line":206,"column":111}},"207":{"start":{"line":208,"column":0},"end":{"line":208,"column":24}},"208":{"start":{"line":209,"column":0},"end":{"line":209,"column":71}},"209":{"start":{"line":210,"column":0},"end":{"line":210,"column":81}},"210":{"start":{"line":211,"column":0},"end":{"line":211,"column":6}},"211":{"start":{"line":212,"column":0},"end":{"line":212,"column":83}},"213":{"start":{"line":214,"column":0},"end":{"line":214,"column":24}},"214":{"start":{"line":215,"column":0},"end":{"line":215,"column":74}},"215":{"start":{"line":216,"column":0},"end":{"line":216,"column":71}},"216":{"start":{"line":217,"column":0},"end":{"line":217,"column":6}},"217":{"start":{"line":218,"column":0},"end":{"line":218,"column":58}},"218":{"start":{"line":219,"column":0},"end":{"line":219,"column":75}},"219":{"start":{"line":220,"column":0},"end":{"line":220,"column":77}},"220":{"start":{"line":221,"column":0},"end":{"line":221,"column":55}},"221":{"start":{"line":222,"column":0},"end":{"line":222,"column":47}},"222":{"start":{"line":223,"column":0},"end":{"line":223,"column":46}},"223":{"start":{"line":224,"column":0},"end":{"line":224,"column":73}},"224":{"start":{"line":225,"column":0},"end":{"line":225,"column":9}},"225":{"start":{"line":226,"column":0},"end":{"line":226,"column":5}},"227":{"start":{"line":228,"column":0},"end":{"line":228,"column":46}},"228":{"start":{"line":229,"column":0},"end":{"line":229,"column":84}},"229":{"start":{"line":230,"column":0},"end":{"line":230,"column":107}},"230":{"start":{"line":231,"column":0},"end":{"line":231,"column":29}},"232":{"start":{"line":233,"column":0},"end":{"line":233,"column":57}},"233":{"start":{"line":234,"column":0},"end":{"line":234,"column":43}},"234":{"start":{"line":235,"column":0},"end":{"line":235,"column":13}},"235":{"start":{"line":236,"column":0},"end":{"line":236,"column":29}},"236":{"start":{"line":237,"column":0},"end":{"line":237,"column":34}},"237":{"start":{"line":238,"column":0},"end":{"line":238,"column":35}},"238":{"start":{"line":239,"column":0},"end":{"line":239,"column":31}},"239":{"start":{"line":240,"column":0},"end":{"line":240,"column":34}},"240":{"start":{"line":241,"column":0},"end":{"line":241,"column":33}},"241":{"start":{"line":242,"column":0},"end":{"line":242,"column":108}},"242":{"start":{"line":243,"column":0},"end":{"line":243,"column":12}},"243":{"start":{"line":244,"column":0},"end":{"line":244,"column":10}},"244":{"start":{"line":245,"column":0},"end":{"line":245,"column":8}},"245":{"start":{"line":246,"column":0},"end":{"line":246,"column":101}},"246":{"start":{"line":247,"column":0},"end":{"line":247,"column":84}},"247":{"start":{"line":248,"column":0},"end":{"line":248,"column":68}},"248":{"start":{"line":249,"column":0},"end":{"line":249,"column":41}},"249":{"start":{"line":250,"column":0},"end":{"line":250,"column":12}},"250":{"start":{"line":251,"column":0},"end":{"line":251,"column":40}},"251":{"start":{"line":252,"column":0},"end":{"line":252,"column":49}},"252":{"start":{"line":253,"column":0},"end":{"line":253,"column":73}},"253":{"start":{"line":254,"column":0},"end":{"line":254,"column":99}},"254":{"start":{"line":255,"column":0},"end":{"line":255,"column":96}},"255":{"start":{"line":256,"column":0},"end":{"line":256,"column":98}},"256":{"start":{"line":257,"column":0},"end":{"line":257,"column":65}},"257":{"start":{"line":258,"column":0},"end":{"line":258,"column":87}},"258":{"start":{"line":259,"column":0},"end":{"line":259,"column":76}},"259":{"start":{"line":260,"column":0},"end":{"line":260,"column":66}},"260":{"start":{"line":261,"column":0},"end":{"line":261,"column":13}},"261":{"start":{"line":262,"column":0},"end":{"line":262,"column":24}},"262":{"start":{"line":263,"column":0},"end":{"line":263,"column":13}},"264":{"start":{"line":265,"column":0},"end":{"line":265,"column":41}},"265":{"start":{"line":266,"column":0},"end":{"line":266,"column":38}},"266":{"start":{"line":267,"column":0},"end":{"line":267,"column":45}},"267":{"start":{"line":268,"column":0},"end":{"line":268,"column":24}},"268":{"start":{"line":269,"column":0},"end":{"line":269,"column":39}},"269":{"start":{"line":270,"column":0},"end":{"line":270,"column":33}},"270":{"start":{"line":271,"column":0},"end":{"line":271,"column":54}},"271":{"start":{"line":272,"column":0},"end":{"line":272,"column":11}},"272":{"start":{"line":273,"column":0},"end":{"line":273,"column":46}},"273":{"start":{"line":274,"column":0},"end":{"line":274,"column":60}},"274":{"start":{"line":275,"column":0},"end":{"line":275,"column":24}},"275":{"start":{"line":276,"column":0},"end":{"line":276,"column":39}},"276":{"start":{"line":277,"column":0},"end":{"line":277,"column":33}},"277":{"start":{"line":278,"column":0},"end":{"line":278,"column":75}},"278":{"start":{"line":279,"column":0},"end":{"line":279,"column":11}},"279":{"start":{"line":280,"column":0},"end":{"line":280,"column":7}},"281":{"start":{"line":282,"column":0},"end":{"line":282,"column":35}},"282":{"start":{"line":283,"column":0},"end":{"line":283,"column":24}},"283":{"start":{"line":284,"column":0},"end":{"line":284,"column":41}},"284":{"start":{"line":285,"column":0},"end":{"line":285,"column":33}},"285":{"start":{"line":286,"column":0},"end":{"line":286,"column":39}},"286":{"start":{"line":287,"column":0},"end":{"line":287,"column":9}},"287":{"start":{"line":288,"column":0},"end":{"line":288,"column":7}},"288":{"start":{"line":289,"column":0},"end":{"line":289,"column":66}},"289":{"start":{"line":290,"column":0},"end":{"line":290,"column":5}},"291":{"start":{"line":292,"column":0},"end":{"line":292,"column":72}},"292":{"start":{"line":293,"column":0},"end":{"line":293,"column":56}},"293":{"start":{"line":294,"column":0},"end":{"line":294,"column":32}},"294":{"start":{"line":295,"column":0},"end":{"line":295,"column":59}},"295":{"start":{"line":296,"column":0},"end":{"line":296,"column":59}},"296":{"start":{"line":297,"column":0},"end":{"line":297,"column":5}},"297":{"start":{"line":298,"column":0},"end":{"line":298,"column":62}},"299":{"start":{"line":300,"column":0},"end":{"line":300,"column":70}},"300":{"start":{"line":301,"column":0},"end":{"line":301,"column":62}},"301":{"start":{"line":302,"column":0},"end":{"line":302,"column":50}},"302":{"start":{"line":3
[...]
26}},"537":{"start":{"line":538,"column":0},"end":{"line":538,"column":24}},"538":{"start":{"line":539,"column":0},"end":{"line":539,"column":27}},"539":{"start":{"line":540,"column":0},"end":{"line":540,"column":34}},"540":{"start":{"line":541,"column":0},"end":{"line":541,"column":5}},"541":{"start":{"line":542,"column":0},"end":{"line":542,"column":60}},"543":{"start":{"line":544,"column":0},"end":{"line":544,"column":30}},"544":{"start":{"line":545,"column":0},"end":{"line":545,"column":28}},"545":{"start":{"line":546,"column":0},"end":{"line":546,"column":16}},"546":{"start":{"line":547,"column":0},"end":{"line":547,"column":17}},"547":{"start":{"line":548,"column":0},"end":{"line":548,"column":12}},"548":{"start":{"line":549,"column":0},"end":{"line":549,"column":59}},"549":{"start":{"line":550,"column":0},"end":{"line":550,"column":5}},"550":{"start":{"line":551,"column":0},"end":{"line":551,"column":118}},"552":{"start":{"line":553,"column":0},"end":{"line":553,"column":23}},"553":{"start":{"line":554,"column":0},"end":{"line":554,"column":26}},"554":{"start":{"line":555,"column":0},"end":{"line":555,"column":35}},"555":{"start":{"line":556,"column":0},"end":{"line":556,"column":31}},"556":{"start":{"line":557,"column":0},"end":{"line":557,"column":61}},"558":{"start":{"line":559,"column":0},"end":{"line":559,"column":17}},"559":{"start":{"line":560,"column":0},"end":{"line":560,"column":27}},"560":{"start":{"line":561,"column":0},"end":{"line":561,"column":92}},"561":{"start":{"line":562,"column":0},"end":{"line":562,"column":62}},"562":{"start":{"line":563,"column":0},"end":{"line":563,"column":3}},"564":{"start":{"line":565,"column":0},"end":{"line":565,"column":13}},"565":{"start":{"line":566,"column":0},"end":{"line":566,"column":31}},"566":{"start":{"line":567,"column":0},"end":{"line":567,"column":64}},"567":{"start":{"line":568,"column":0},"end":{"line":568,"column":10}},"568":{"start":{"line":569,"column":0},"end":{"line":569,"column":36}},"569":{"start":{"line":570,"column":0},"end":{"line":570,"column":22}},"570":{"start":{"line":571,"column":0},"end":{"line":571,"column":117}},"571":{"start":{"line":572,"column":0},"end":{"line":572,"column":8}},"572":{"start":{"line":573,"column":0},"end":{"line":573,"column":82}},"573":{"start":{"line":574,"column":0},"end":{"line":574,"column":48}},"574":{"start":{"line":575,"column":0},"end":{"line":575,"column":28}},"575":{"start":{"line":576,"column":0},"end":{"line":576,"column":79}},"576":{"start":{"line":577,"column":0},"end":{"line":577,"column":79}},"577":{"start":{"line":578,"column":0},"end":{"line":578,"column":82}},"578":{"start":{"line":579,"column":0},"end":{"line":579,"column":8}},"579":{"start":{"line":580,"column":0},"end":{"line":580,"column":71}},"580":{"start":{"line":581,"column":0},"end":{"line":581,"column":39}},"581":{"start":{"line":582,"column":0},"end":{"line":582,"column":43}},"582":{"start":{"line":583,"column":0},"end":{"line":583,"column":28}},"583":{"start":{"line":584,"column":0},"end":{"line":584,"column":58}},"584":{"start":{"line":585,"column":0},"end":{"line":585,"column":9}},"585":{"start":{"line":586,"column":0},"end":{"line":586,"column":98}},"586":{"start":{"line":587,"column":0},"end":{"line":587,"column":75}},"587":{"start":{"line":588,"column":0},"end":{"line":588,"column":7}},"588":{"start":{"line":589,"column":0},"end":{"line":589,"column":35}},"589":{"start":{"line":590,"column":0},"end":{"line":590,"column":106}},"590":{"start":{"line":591,"column":0},"end":{"line":591,"column":75}},"591":{"start":{"line":592,"column":0},"end":{"line":592,"column":7}},"592":{"start":{"line":593,"column":0},"end":{"line":593,"column":42}},"593":{"start":{"line":594,"column":0},"end":{"line":594,"column":5}},"594":{"start":{"line":595,"column":0},"end":{"line":595,"column":28}},"595":{"start":{"line":596,"column":0},"end":{"line":596,"column":22}},"596":{"start":{"line":597,"column":0},"end":{"line":597,"column":107}},"597":{"start":{"line":598,"column":0},"end":{"line":598,"column":8}},"598":{"start":{"line":599,"column":0},"end":{"line":599,"column":76}},"599":{"start":{"line":600,"column":0},"end":{"line":600,"column":40}},"600":{"start":{"line":601,"column":0},"end":{"line":601,"column":28}},"601":{"start":{"line":602,"column":0},"end":{"line":602,"column":79}},"602":{"start":{"line":603,"column":0},"end":{"line":603,"column":79}},"603":{"start":{"line":604,"column":0},"end":{"line":604,"column":8}},"604":{"start":{"line":605,"column":0},"end":{"line":605,"column":71}},"605":{"start":{"line":606,"column":0},"end":{"line":606,"column":39}},"606":{"start":{"line":607,"column":0},"end":{"line":607,"column":43}},"607":{"start":{"line":608,"column":0},"end":{"line":608,"column":28}},"608":{"start":{"line":609,"column":0},"end":{"line":609,"column":55}},"609":{"start":{"line":610,"column":0},"end":{"line":610,"column":9}},"610":{"start":{"line":611,"column":0},"end":{"line":611,"column":98}},"611":{"start":{"line":612,"column":0},"end":{"line":612,"column":72}},"612":{"start":{"line":613,"column":0},"end":{"line":613,"column":7}},"613":{"start":{"line":614,"column":0},"end":{"line":614,"column":39}},"614":{"start":{"line":615,"column":0},"end":{"line":615,"column":56}},"615":{"start":{"line":616,"column":0},"end":{"line":616,"column":28}},"616":{"start":{"line":617,"column":0},"end":{"line":617,"column":92}},"617":{"start":{"line":618,"column":0},"end":{"line":618,"column":72}},"618":{"start":{"line":619,"column":0},"end":{"line":619,"column":7}},"619":{"start":{"line":620,"column":0},"end":{"line":620,"column":39}},"620":{"start":{"line":621,"column":0},"end":{"line":621,"column":5}},"621":{"start":{"line":622,"column":0},"end":{"line":622,"column":3}},"623":{"start":{"line":624,"column":0},"end":{"line":624,"column":22}},"624":{"start":{"line":625,"column":0},"end":{"line":625,"column":32}},"625":{"start":{"line":626,"column":0},"end":{"line":626,"column":85}},"626":{"start":{"line":627,"column":0},"end":{"line":627,"column":43}},"627":{"start":{"line":628,"column":0},"end":{"line":628,"column":44}},"628":{"start":{"line":629,"column":0},"end":{"line":629,"column":52}},"629":{"start":{"line":630,"column":0},"end":{"line":630,"column":46}},"630":{"start":{"line":631,"column":0},"end":{"line":631,"column":80}},"631":{"start":{"line":632,"column":0},"end":{"line":632,"column":46}},"632":{"start":{"line":633,"column":0},"end":{"line":633,"column":22}},"633":{"start":{"line":634,"column":0},"end":{"line":634,"column":10}},"634":{"start":{"line":635,"column":0},"end":{"line":635,"column":152}},"635":{"start":{"line":636,"column":0},"end":{"line":636,"column":6}},"636":{"start":{"line":637,"column":0},"end":{"line":637,"column":33}},"638":{"start":{"line":639,"column":0},"end":{"line":639,"column":21}},"639":{"start":{"line":640,"column":0},"end":{"line":640,"column":15}},"640":{"start":{"line":641,"column":0},"end":{"line":641,"column":7}},"641":{"start":{"line":642,"column":0},"end":{"line":642,"column":34}},"642":{"start":{"line":643,"column":0},"end":{"line":643,"column":31}},"643":{"start":{"line":644,"column":0},"end":{"line":644,"column":33}},"644":{"start":{"line":645,"column":0},"end":{"line":645,"column":78}},"645":{"start":{"line":646,"column":0},"end":{"line":646,"column":8}},"646":{"start":{"line":647,"column":0},"end":{"line":647,"column":66}},"647":{"start":{"line":648,"column":0},"end":{"line":648,"column":6}},"649":{"start":{"line":650,"column":0},"end":{"line":650,"column":35}},"650":{"start":{"line":651,"column":0},"end":{"line":651,"column":38}},"651":{"start":{"line":652,"column":0},"end":{"line":652,"column":27}},"652":{"start":{"line":653,"column":0},"end":{"line":653,"column":67}},"653":{"start":{"line":654,"column":0},"end":{"line":654,"column":7}},"654":{"start":{"line":655,"column":0},"end":{"line":655,"column":36}},"655":{"start":{"line":656,"column":0},"end":{"line":656,"column":76}},"656":{"start":{"line":657,"column":0},"end":{"line":657,"column":5}},"658":{"start":{"line":659,"column":0},"end":{"line":659,"column":28}},"659":{"start":{"line":660,"column":0},"end":{"line":660,"column":63}},"660":{"start":{"line":661,"column":0},"end":{"line":661,"column":58}},"661":{"start":{"line":662,"column":0},"end":{"line":662,"column":60}},"662":{"start":{"line":663,"column":0},"end":{"line":663,"column":57}},"663":{"start":{"line":664,"column":0},"end":{"line":664,"column":6}},"665":{"start":{"line":666,"column":0},"end":{"line":666,"column":92}},"666":{"start":{"line":667,"column":0},"end":{"line":667,"column":80}},"667":{"start":{"line":668,"column":0},"end":{"line":668,"column":43}},"668":{"start":{"line":669,"column":0},"end":{"line":669,"column":50}},"669":{"start":{"line":670,"column":0},"end":{"line":670,"column":40}},"670":{"start":{"line":671,"column":0},"end":{"line":671,"column":3}},"672":{"start":{"line":673,"column":0},"end":{"line":673,"column":24}},"673":{"start":{"line":674,"column":0},"end":{"line":674,"column":92}},"674":{"start":{"line":675,"column":0},"end":{"line":675,"column":54}},"675":{"start":{"line":676,"column":0},"end":{"line":676,"column":51}},"676":{"start":{"line":677,"column":0},"end":{"line":677,"column":25}},"677":{"start":{"line":678,"column":0},"end":{"line":678,"column":52}},"678":{"start":{"line":679,"column":0},"end":{"line":679,"column":58}},"679":{"start":{"line":680,"column":0},"end":{"line":680,"column":29}},"680":{"start":{"line":681,"column":0},"end":{"line":681,"column":37}},"681":{"start":{"line":682,"column":0},"end":{"line":682,"column":24}},"682":{"start":{"line":683,"column":0},"end":{"line":683,"column":59}},"683":{"start":{"line":684,"column":0},"end":{"line":684,"column":66}},"684":{"start":{"line":685,"column":0},"end":{"line":685,"column":57}},"685":{"start":{"line":686,"column":0},"end":{"line":686,"column":14}},"686":{"start":{"line":687,"column":0},"end":{"line":687,"column":31}},"687":{"start":{"line":688,"column":0},"end":{"line":688,"column":60}},"688":{"start":{"line":689,"column":0},"end":{"line":689,"column":43}},"689":{"start":{"line":690,"column":0},"end":{"line":690,"column":31}},"690":{"start":{"line":691,"column":0},"end":{"line":691,"column":9}},"691":{"start":{"line":692,"column":0},"end":{"line":692,"column":9}},"692":{"start":{"line":693,"column":0},"end":{"line":693,"column":7}},"693":{"start":{"line":694,"column":0},"end":{"line":694,"column":4}},"695":{"start":{"line":696,"column":0},"end":{"line":696,"column":33}},"696":{"start":{"line":697,"column":0},"end":{"line":697,"column":16}},"697":{"start":{"line":698,"column":0},"end":{"line":698,"column":1}}},"s":{"0":0,"1":0,"2":0,"3":0,"4":0,"6":0,"8":0,"9":0,"10":0,"11":0,"12":0,"13":0,"14":0,"15":0,"16":0,"17":0,"18":0,"19":0,"20":0,"21":0,"22":0,"23":0,"25":0,"26":0,"28":0,"29":0,"30":0,"31":0,"32":0,"33":0,"34":0,"35":0,"36":0,"37":0,"38":0,"39":0,"40":0,"41":0,"42":0,"43":0,"44":0,"45":0,"46":0,"47":0,"48":0,"50":0,"51":0,"52":0,"53":0,"54":0,"55":0,"56":0,"57":0,"58":0,"59":0,"60":0,"61":0,"62":0,"63":0,"64":0,"65":0,"66":0,"67":0,"68":0,"70":0,"71":0,"72":0,"73":0,"74":0,"75":0,"77":0,"78":0,"79":0,"80":0,"81":0,"82":0,"83":0,"84":0,"85":0,"86":0,"87":0,"88":0,"89":0,"91":0,"92":0,"93":0,"94":0,"95":0,"96":0,"97":0,"98":0,"99":0,"100":0,"101":0,"102":0,"103":0,"104":0,"105":0,"106":0,"107":0,"108":0,"109":0,"110":0,"111":0,"112":0,"113":0,"114":0,"115":0,"116":0,"117":0,"118":0,"119":0,"120":0,"121":0,"122":0,"123":0,"124":0,"126":0,"127":0,"128":0,"129":0,"130":0,"131":0,"132":0,"134":0,"135":0,"136":0,"137":0,"138":0,"139":0,"140":0,"141":0,"142":0,"143":0,"144":0,"145":0,"147":0,"148":0,"149":0,"150":0,"151":0,"152":0,"153":0,"154":0,"155":0,"156":0,"157":0,"158":0,"160":0,"161":0,"162":0,"163":0,"164":0,"165":0,"166":0,"167":0,"168":0,"169":0,"170":0,"171":0,"173":0,"174":0,"175":0,"176":0,"177":0,"178":0,"179":0,"180":0,"181":0,"182":0,"183":0,"184":0,"186":0,"187":0,"188":0,"189":0,"190":0,"191":0,"192":0,"193":0,"194":0,"195":0,"196":0,"197":0,"198":0,"199":0,"200":0,"202":0,"203":0,"204":0,"205":0,"206":0,"207":0,"208":0,"209":0,"211":0,"212":0,"213":0,"214":0,"215":0,"216":0,"217":0,"218":0,"219":0,"220":0,"221":0,"223":0,"224":0,"225":0,"226":0,"227":0,"229":0,"230":0,"231":0,"232":0,"233":0,"234":0,"235":0,"236":0,"237":0,"238":0,"239":0,"240":0,"241":0,"242":0,"243":0,"244":0,"245":0,"246":0,"247":0,"248":0,"249":0,"250":0,"251":0,"252":0,"253":0,"254":0,"255":0,"256":0,"257":0,"258":0,"259":0,"260":0,"261":0,"262":0,"263":0,"264":0,"265":0,"266":0,"267":0,"268":0,"269":0,"270":0,"271":0,"272":0,"273":0,"274":0,"275":0,"276":0,"277":0,"278":0,"279":0,"280":0,"281":0,"282":0,"283":0,"284":0,"285":0,"286":0,"287":0,"288":0,"289":0,"290":0,"291":0,"292":0,"294":0,"295":0,"297":0,"298":0,"299":0,"300":0,"301":0,"302":0,"303":0,"304":0,"305":0,"306":0,"307":0,"308":0,"310":0,"311":0,"312":0,"313":0,"314":0,"315":0,"316":0,"317":0,"318":0,"319":0,"320":0,"321":0,"322":0,"323":0,"324":0,"325":0,"326":0,"327":0,"328":0,"329":0,"330":0,"331":0,"332":0,"333":0,"334":0,"335":0,"336":0,"337":0,"338":0,"339":0,"340":0,"341":0,"342":0,"343":0,"344":0,"345":0,"346":0,"347":0,"348":0,"349":0,"350":0,"351":0,"352":0,"353":0,"354":0,"355":0,"356":0,"357":0,"358":0,"359":0,"360":0,"361":0,"362":0,"363":0,"364":0,"365":0,"366":0,"367":0,"368":0,"369":0,"370":0,"371":0,"372":0,"373":0,"374":0,"375":0,"376":0,"378":0,"380":0,"381":0,"382":0,"383":0,"384":0,"385":0,"386":0,"387":0,"388":0,"389":0,"390":0,"391":0,"392":0,"393":0,"394":0,"395":0,"396":0,"397":0,"398":0,"399":0,"400":0,"401":0,"402":0,"403":0,"404":0,"405":0,"406":0,"407":0,"408":0,"410":0,"411":0,"412":0,"413":0,"414":0,"415":0,"416":0,"417":0,"419":0,"420":0,"421":0,"422":0,"423":0,"424":0,"425":0,"426":0,"427":0,"429":0,"430":0,"431":0,"432":0,"433":0,"434":0,"435":0,"436":0,"437":0,"439":0,"441":0,"442":0,"443":0,"444":0,"445":0,"446":0,"447":0,"448":0,"449":0,"450":0,"451":0,"452":0,"453":0,"455":0,"456":0,"457":0,"458":0,"459":0,"460":0,"461":0,"462":0,"463":0,"464":0,"465":0,"466":0,"467":0,"468":0,"469":0,"470":0,"471":0,"473":0,"474":0,"475":0,"476":0,"477":0,"479":0,"480":0,"481":0,"483":0,"484":0,"485":0,"486":0,"488":0,"489":0,"490":0,"491":0,"492":0,"493":0,"494":0,"495":0,"496":0,"497":0,"498":0,"500":0,"501":0,"503":0,"504":0,"505":0,"506":0,"507":0,"508":0,"510":0,"511":0,"512":0,"513":0,"514":0,"515":0,"516":0,"517":0,"518":0,"519":0,"521":0,"522":0,"523":0,"524":0,"525":0,"526":0,"527":0,"528":0,"530":0,"531":0,"532":0,"533":0,"535":0,"536":0,"537":0,"538":0,"539":0,"540":0,"541":0,"543":0,"544":0,"545":0,"546":0,"547":0,"548":0,"549":0,"550":0,"552":0,"553":0,"554":0,"555":0,"556":0,"558":0,"559":0,"560":0,"561":0,"562":0,"564":0,"565":0,"566":0,"567":0,"568":0,"569":0,"570":0,"571":0,"572":0,"573":0,"574":0,"575":0,"576":0,"577":0,"578":0,"579":0,"580":0,"581":0,"582":0,"583":0,"584":0,"585":0,"586":0,"587":0,"588":0,"589":0,"590":0,"591":0,"592":0,"593":0,"594":0,"595":0,"596":0,"597":0,"598":0,"599":0,"600":0,"601":0,"602":0,"603":0,"604":0,"605":0,"606":0,"607":0,"608":0,"609":0,"610":0,"611":0,"612":0,"613":0,"614":0,"615":0,"616":0,"617":0,"618":0,"619":0,"620":0,"621":0,"623":0,"624":0,"625":0,"626":0,"627":0,"628":0,"629":0,"630":0,"631":0,"632":0,"633":0,"634":0,"635":0,"636":0,"638":0,"639":0,"640":0,"641":0,"642":0,"643":0,"644":0,"645":0,"646":0,"647":0,"649":0,"650":0,"651":0,"652":0,"653":0,"654":0,"655":0,"656":0,"658":0,"659":0,"660":0,"661":0,"662":0,"663":0,"665":0,"666":0,"667":0,"668":0,"669":0,"670":0,"672":0,"673":0,"674":0,"675":0,"676":0,"677":0,"678":0,"679":0,"680":0,"681":0,"682":0,"683":0,"684":0,"685":0,"686":0,"687":0,"688":0,"689":0,"690":0,"691":0,"692":0,"693":0,"695":0,"696":0,"697":0},"branchMap":{"0":{"type":"branch","line":1,"loc":{"start":{"line":1,"column":32},"end":{"line":698,"column":-3006}},"locations":[{"start":{"line":1,"column":32},"end":{"line":698,"column":-3006}}]}},"b":{"0":[0]},"fnMap":{"0":{"name":"(empty-report)","decl":{"start":{"line":1,"column":32},"end":{"line":698,"column":-3006}},"loc":{"start":{"line":1,"column":32},"end":{"line":698,"column":-3006}},"line":1}},"f":{"0":0}}
,"/home/chuby9726/clawspace/github-attention-set/utils.js": {"path":"/home/chuby9726/clawspace/github-attention-set/utils.js","all":false,"statementMap":{"0":{"start":{"line":1,"column":0},"end":{"line":1,"column":63}},"2":{"start":{"line":3,"column":0},"end":{"line":3,"column":3}},"3":{"start":{"line":4,"column":0},"end":{"line":4,"column":53}},"4":{"start":{"line":5,"column":0},"end":{"line":5,"column":3}},"5":{"start":{"line":6,"column":0},"end":{"line":6,"column":61}},"6":{"start":{"line":7,"column":0},"end":{"line":7,"column":69}},"7":{"start":{"line":8,"column":0},"end":{"line":8,"column":24}},"8":{"start":{"line":9,"column":0},"end":{"line":9,"column":15}},"9":{"start":{"line":10,"column":0},"end":{"line":10,"column":18}},"10":{"start":{"line":11,"column":0},"end":{"line":11,"column":41}},"11":{"start":{"line":12,"column":0},"end":{"line":12,"column":23}},"12":{"start":{"line":13,"column":0},"end":{"line":13,"column":4}},"13":{"start":{"line":14,"column":0},"end":{"line":14,"column":39}},"14":{"start":{"line":15,"column":0},"end":{"line":15,"column":88}},"15":{"start":{"line":16,"column":0},"end":{"line":16,"column":89}},"16":{"start":{"line":17,"column":0},"end":{"line":17,"column":17}},"17":{"start":{"line":18,"column":0},"end":{"line":18,"column":1}}},"s":{"0":1,"2":1,"3":1,"4":1,"5":1,"6":8,"7":4,"8":4,"9":4,"10":4,"11":4,"12":4,"13":8,"14":8,"15":1,"16":0,"17":0},"branchMap":{"0":{"type":"branch","line":6,"loc":{"start":{"line":6,"column":7},"end":{"line":18,"column":1}},"locations":[{"start":{"line":6,"column":7},"end":{"line":18,"column":1}}]},"1":{"type":"branch","line":7,"loc":{"start":{"line":7,"column":12},"end":{"line":7,"column":29}},"locations":[{"start":{"line":7,"column":12},"end":{"line":7,"column":29}}]},"2":{"type":"branch","line":7,"loc":{"start":{"line":7,"column":30},"end":{"line":7,"column":52}},"locations":[{"start":{"line":7,"column":30},"end":{"line":7,"column":52}}]},"3":{"type":"branch","line":7,"loc":{"start":{"line":7,"column":54},"end":{"line":14,"column":24}},"locations":[{"start":{"line":7,"column":54},"end":{"line":14,"column":24}}]},"4":{"type":"branch","line":14,"loc":{"start":{"line":14,"column":24},"end":{"line":14,"column":39}},"locations":[{"start":{"line":14,"column":24},"end":{"line":14,"column":39}}]},"5":{"type":"branch","line":14,"loc":{"start":{"line":14,"column":38},"end":{"line":15,"column":26}},"locations":[{"start":{"line":14,"column":38},"end":{"line":15,"column":26}}]},"6":{"type":"branch","line":15,"loc":{"start":{"line":15,"column":26},"end":{"line":15,"column":88}},"locations":[{"start":{"line":15,"column":26},"end":{"line":15,"column":88}}]},"7":{"type":"branch","line":15,"loc":{"start":{"line":15,"column":87},"end":{"line":16,"column":89}},"locations":[{"start":{"line":15,"column":87},"end":{"line":16,"column":89}}]},"8":{"type":"branch","line":16,"loc":{"start":{"line":16,"column":88},"end":{"line":18,"column":1}},"locations":[{"start":{"line":16,"column":88},"end":{"line":18,"column":1}}]},"9":{"type":"branch","line":11,"loc":{"start":{"line":11,"column":11},"end":{"line":11,"column":40}},"locations":[{"start":{"line":11,"column":11},"end":{"line":11,"column":40}}]},"10":{"type":"branch","line":15,"loc":{"start":{"line":15,"column":48},"end":{"line":15,"column":86}},"locations":[{"start":{"line":15,"column":48},"end":{"line":15,"column":86}}]},"11":{"type":"branch","line":16,"loc":{"start":{"line":16,"column":48},"end":{"line":16,"column":87}},"locations":[{"start":{"line":16,"column":48},"end":{"line":16,"column":87}}]}},"b":{"0":[8],"1":[7],"2":[6],"3":[4],"4":[0],"5":[4],"6":[3],"7":[1],"8":[0],"9":[7],"10":[9],"11":[3]},"fnMap":{"0":{"name":"applyRepoFilter","decl":{"start":{"line":6,"column":7},"end":{"line":18,"column":1}},"loc":{"start":{"line":6,"column":7},"end":{"line":18,"column":1}},"line":6}},"f":{"0":8}}
}
